nohup: ignoring input
Completed: 1/30
Completed: 2/30
Completed: 3/30
Completed: 4/30
Completed: 5/30
Completed: 6/30
Completed: 7/30
Completed: 8/30
Completed: 9/30
Completed: 10/30
Completed: 11/30
Completed: 12/30
Completed: 13/30
Completed: 14/30
Completed: 15/30
Completed: 16/30
Completed: 17/30
Completed: 18/30
Completed: 19/30
Completed: 20/30
Completed: 21/30
Completed: 22/30
Completed: 23/30
Completed: 24/30
Completed: 25/30
Completed: 26/30
Completed: 27/30
Completed: 28/30
Completed: 29/30
Completed: 30/30
Time taken
321.55036330223083
Burst Error Rate
0.15
[[[0.0456 0.0685 0.0885 0.108  0.126  0.1699 0.1913 0.2058 0.2217 0.2344]]

 [[0.0051 0.0081 0.0084 0.0124 0.014  0.1553 0.153  0.1599 0.1526 0.1583]]

 [[0.0005 0.0018 0.0006 0.0017 0.0018 0.1594 0.1595 0.1564 0.1609 0.1675]]]
Completed: 1/30
Completed: 2/30
Completed: 3/30
Completed: 4/30
Completed: 5/30
Completed: 6/30
Completed: 7/30
Completed: 8/30
Completed: 9/30
Completed: 10/30
Completed: 11/30
Completed: 12/30
Completed: 13/30
Completed: 14/30
Completed: 15/30
Completed: 16/30
Completed: 17/30
Completed: 18/30
Completed: 19/30
Completed: 20/30
Completed: 21/30
Completed: 22/30
Completed: 23/30
Completed: 24/30
Completed: 25/30
Completed: 26/30
Completed: 27/30
Completed: 28/30
Completed: 29/30
Completed: 30/30
Time taken
323.9580774307251
Burst Error Rate
0.14722222222222223
[[[0.053  0.0739 0.0912 0.1104 0.1345 0.1735 0.1866 0.2036 0.2201 0.2209]]

 [[0.0049 0.008  0.0085 0.0138 0.0152 0.1506 0.1521 0.1518 0.1599 0.1569]]

 [[0.0004 0.0005 0.0009 0.0017 0.0022 0.1519 0.1508 0.1507 0.1536 0.1542]]]
Completed: 1/30
Completed: 2/30
Completed: 3/30
Completed: 4/30
Completed: 5/30
Completed: 6/30
Completed: 7/30
Completed: 8/30
Completed: 9/30
Completed: 10/30
Completed: 11/30
Completed: 12/30
Completed: 13/30
Completed: 14/30
Completed: 15/30
Completed: 16/30
Completed: 17/30
Completed: 18/30
Completed: 19/30
Completed: 20/30
Completed: 21/30
Completed: 22/30
Completed: 23/30
Completed: 24/30
Completed: 25/30
Completed: 26/30
Completed: 27/30
Completed: 28/30
Completed: 29/30
Completed: 30/30
Time taken
324.3866186141968
Burst Error Rate
0.14444444444444443
[[[0.0483 0.0703 0.0878 0.1141 0.1265 0.1651 0.1762 0.1992 0.2215 0.2277]]

 [[0.0055 0.0088 0.009  0.0143 0.0174 0.1433 0.143  0.1507 0.1459 0.1515]]

 [[0.0008 0.001  0.0016 0.0012 0.0019 0.1465 0.1433 0.1438 0.1483 0.1462]]]
Completed: 1/30
Completed: 2/30
Completed: 3/30
Completed: 4/30
Completed: 5/30
Completed: 6/30
Completed: 7/30
Completed: 8/30
Completed: 9/30
Completed: 10/30
Completed: 11/30
Completed: 12/30
Completed: 13/30
Completed: 14/30
Completed: 15/30
Completed: 16/30
Completed: 17/30
Completed: 18/30
Completed: 19/30
Completed: 20/30
Completed: 21/30
Completed: 22/30
Completed: 23/30
Completed: 24/30
Completed: 25/30
Completed: 26/30
Completed: 27/30
Completed: 28/30
Completed: 29/30
Completed: 30/30
Time taken
323.5442473888397
Burst Error Rate
0.14166666666666666
[[[0.0467 0.0697 0.0944 0.1092 0.1225 0.1695 0.1817 0.1969 0.207  0.2193]]

 [[0.0056 0.0082 0.0108 0.0156 0.0149 0.1434 0.1396 0.1397 0.143  0.1494]]

 [[0.0006 0.0009 0.0005 0.0017 0.0021 0.1391 0.1456 0.1421 0.1445 0.1396]]]
Completed: 1/30
Completed: 2/30
Completed: 3/30
Completed: 4/30
Completed: 5/30
Completed: 6/30
Completed: 7/30
Completed: 8/30
Completed: 9/30
Completed: 10/30
Completed: 11/30
Completed: 12/30
Completed: 13/30
Completed: 14/30
Completed: 15/30
Completed: 16/30
Completed: 17/30
Completed: 18/30
Completed: 19/30
Completed: 20/30
Completed: 21/30
Completed: 22/30
Completed: 23/30
Completed: 24/30
Completed: 25/30
Completed: 26/30
Completed: 27/30
Completed: 28/30
Completed: 29/30
Completed: 30/30
Time taken
322.89627623558044
Burst Error Rate
0.1388888888888889
[[[0.0451 0.0691 0.0904 0.1159 0.1283 0.1607 0.175  0.1922 0.2068 0.2223]]

 [[0.0055 0.0083 0.0115 0.0129 0.0168 0.1415 0.1376 0.137  0.1374 0.1448]]

 [[0.0006 0.0018 0.0004 0.0013 0.0021 0.1325 0.136  0.1353 0.1381 0.1426]]]
Completed: 1/30
Completed: 2/30
Completed: 3/30
Completed: 4/30
Completed: 5/30
Completed: 6/30
Completed: 7/30
Completed: 8/30
Completed: 9/30
Completed: 10/30
Completed: 11/30
Completed: 12/30
Completed: 13/30
Completed: 14/30
Completed: 15/30
Completed: 16/30
Completed: 17/30
Completed: 18/30
Completed: 19/30
Completed: 20/30
Completed: 21/30
Completed: 22/30
Completed: 23/30
Completed: 24/30
Completed: 25/30
Completed: 26/30
Completed: 27/30
Completed: 28/30
Completed: 29/30
Completed: 30/30
Time taken
320.68185567855835
Burst Error Rate
0.1361111111111111
[[[0.0447 0.0667 0.0954 0.1083 0.1299 0.1638 0.1742 0.1953 0.2046 0.223 ]]

 [[0.0053 0.0073 0.0106 0.0146 0.0164 0.1277 0.1357 0.1351 0.1392 0.142 ]]

 [[0.0012 0.001  0.0011 0.0015 0.0017 0.135  0.1238 0.1292 0.131  0.1322]]]
Completed: 1/30
Completed: 2/30
Completed: 3/30
Completed: 4/30
Completed: 5/30
Completed: 6/30
Completed: 7/30
Completed: 8/30
Completed: 9/30
Completed: 10/30
Completed: 11/30
Completed: 12/30
Completed: 13/30
Completed: 14/30
Completed: 15/30
Completed: 16/30
Completed: 17/30
Completed: 18/30
Completed: 19/30
Completed: 20/30
Completed: 21/30
Completed: 22/30
Completed: 23/30
Completed: 24/30
Completed: 25/30
Completed: 26/30
Completed: 27/30
Completed: 28/30
Completed: 29/30
Completed: 30/30
Time taken
323.1738362312317
Burst Error Rate
0.13333333333333333
[[[0.0478 0.0694 0.0906 0.1073 0.1294 0.1558 0.1701 0.1832 0.212  0.2171]]

 [[0.0049 0.0083 0.0112 0.0142 0.0158 0.1226 0.131  0.1349 0.134  0.1319]]

 [[0.0004 0.0007 0.0012 0.0011 0.0017 0.1173 0.1206 0.1208 0.1252 0.1241]]]
Completed: 1/30
Completed: 2/30
Completed: 3/30
Completed: 4/30
Completed: 5/30
Completed: 6/30
Completed: 7/30
Completed: 8/30
Completed: 9/30
Completed: 10/30
Completed: 11/30
Completed: 12/30
Completed: 13/30
Completed: 14/30
Completed: 15/30
Completed: 16/30
Completed: 17/30
Completed: 18/30
Completed: 19/30
Completed: 20/30
Completed: 21/30
Completed: 22/30
Completed: 23/30
Completed: 24/30
Completed: 25/30
Completed: 26/30
Completed: 27/30
Completed: 28/30
Completed: 29/30
Completed: 30/30
Time taken
321.8011178970337
Burst Error Rate
0.13055555555555556
[[[0.0465 0.0672 0.0902 0.1101 0.13   0.1494 0.1744 0.1865 0.2011 0.2094]]

 [[0.0046 0.0062 0.0112 0.013  0.0163 0.122  0.126  0.1211 0.1283 0.1313]]

 [[0.0004 0.0005 0.0013 0.0012 0.0019 0.1177 0.1248 0.1208 0.1205 0.1239]]]
Completed: 1/30
Completed: 2/30
Completed: 3/30
Completed: 4/30
Completed: 5/30
Completed: 6/30
Completed: 7/30
Completed: 8/30
Completed: 9/30
Completed: 10/30
Completed: 11/30
Completed: 12/30
Completed: 13/30
Completed: 14/30
Completed: 15/30
Completed: 16/30
Completed: 17/30
Completed: 18/30
Completed: 19/30
Completed: 20/30
Completed: 21/30
Completed: 22/30
Completed: 23/30
Completed: 24/30
Completed: 25/30
Completed: 26/30
Completed: 27/30
Completed: 28/30
Completed: 29/30
Completed: 30/30
Time taken
325.15648889541626
Burst Error Rate
0.12777777777777777
[[[0.0459 0.0664 0.0929 0.104  0.1215 0.149  0.1633 0.1851 0.2009 0.2161]]

 [[0.005  0.0069 0.0102 0.0125 0.0143 0.1176 0.1202 0.1228 0.1223 0.1232]]

 [[0.0007 0.0008 0.0012 0.0013 0.0015 0.1178 0.1122 0.1093 0.1209 0.1184]]]
Completed: 1/30
Completed: 2/30
Completed: 3/30
Completed: 4/30
Completed: 5/30
Completed: 6/30
Completed: 7/30
Completed: 8/30
Completed: 9/30
Completed: 10/30
Completed: 11/30
Completed: 12/30
Completed: 13/30
Completed: 14/30
Completed: 15/30
Completed: 16/30
Completed: 17/30
Completed: 18/30
Completed: 19/30
Completed: 20/30
Completed: 21/30
Completed: 22/30
Completed: 23/30
Completed: 24/30
Completed: 25/30
Completed: 26/30
Completed: 27/30
Completed: 28/30
Completed: 29/30
Completed: 30/30
Time taken
320.4168932437897
Burst Error Rate
0.125
[[[0.0498 0.0697 0.0906 0.1104 0.1261 0.146  0.1592 0.1804 0.1988 0.2145]]

 [[0.0041 0.0064 0.0109 0.0127 0.0152 0.1104 0.1091 0.1165 0.1201 0.118 ]]

 [[0.0004 0.0012 0.0008 0.0022 0.0016 0.1057 0.1088 0.1051 0.1118 0.1094]]]
[0.00152713 0.28294878]
[0.00159485 0.26880472]
[0.00156709 0.26296581]
[0.00151646 0.26120759]
[0.00157032 0.2471849 ]
[0.00155277 0.25083425]
[0.00155194 0.23953269]
[0.00154461 0.23220087]
[0.00150137 0.23258851]
[0.00155927 0.21951027]
[1.45233445e-04 2.98757686e-01]
[1.61567034e-04 2.94083262e-01]
[1.75194855e-04 2.77766122e-01]
[1.71215618e-04 2.70250429e-01]
[1.67139265e-04 2.63783813e-01]
[1.79325980e-04 2.54970288e-01]
[1.73331817e-04 2.45217072e-01]
[1.66050593e-04 2.35418426e-01]
[1.51693083e-04 2.27614048e-01]
[1.62147365e-04 2.13490869e-01]
[2.65264728e-05 3.19167693e-01]
[2.16177109e-05 3.02551712e-01]
[2.07648050e-05 2.89353434e-01]
[1.77165149e-05 2.82735991e-01]
[2.86309284e-05 2.71127365e-01]
[1.87983889e-05 2.58698833e-01]
[2.43436338e-05 2.40833809e-01]
[2.02982371e-05 2.41109663e-01]
[2.07009639e-05 2.29399193e-01]
[2.36857611e-05 2.13938615e-01]
3 [0.2829487831298816, 0.26880471872915845, 0.2629658105526736, 0.2612075853511698, 0.24718490113347416, 0.2508342516969994, 0.23953269061907165, 0.2322008739725654, 0.23258850639678288, 0.21951026642563834]
5 [0.29875768620687304, 0.294083261701488, 0.27776612168990933, 0.27025042912425, 0.26378381316146704, 0.2549702884008252, 0.24521707199506065, 0.2354184262282872, 0.2276140483746177, 0.2134908686702044]
7 [0.31916769314586263, 0.3025517121730379, 0.28935343425275994, 0.2827359906027905, 0.27112736527346726, 0.25869883266335747, 0.24083380850127983, 0.24110966308578172, 0.22939919311333654, 0.21393861514708937]
