Completed: 1/40
Completed: 2/40
Completed: 3/40
Completed: 4/40
Completed: 5/40
Completed: 6/40
Completed: 7/40
Completed: 8/40
Completed: 9/40
Completed: 10/40
Completed: 11/40
Completed: 12/40
Completed: 13/40
Completed: 14/40
Completed: 15/40
Completed: 16/40
Completed: 17/40
Completed: 18/40
Completed: 19/40
Completed: 20/40
Completed: 21/40
Completed: 22/40
Completed: 23/40
Completed: 24/40
Completed: 25/40
Completed: 26/40
Completed: 27/40
Completed: 28/40
Completed: 29/40
Completed: 30/40
Completed: 31/40
Completed: 32/40
Completed: 33/40
Completed: 34/40
Completed: 35/40
Completed: 36/40
Completed: 37/40
Completed: 38/40
Completed: 39/40
Completed: 40/40
Time taken
4985.094781398773
Burst Error Rate
0.08
    Burst_Error_Rate  Distance  ...  Number_of_Rounds  Logical_Error_Rate
0               0.08         5  ...                24              0.1646
1               0.08         5  ...                36              0.2260
2               0.08         5  ...                48              0.2788
3               0.08         5  ...                60              0.3115
4               0.08         5  ...                24              0.1956
5               0.08         5  ...                36              0.2592
6               0.08         5  ...                48              0.2959
7               0.08         5  ...                60              0.3333
8               0.08         7  ...                24              0.0902
9               0.08         7  ...                36              0.1317
10              0.08         7  ...                48              0.1722
11              0.08         7  ...                60              0.2010
12              0.08         7  ...                24              0.1334
13              0.08         7  ...                36              0.1705
14              0.08         7  ...                48              0.2028
15              0.08         7  ...                60              0.2291
16              0.08         9  ...                24              0.0543
17              0.08         9  ...                36              0.0760
18              0.08         9  ...                48              0.1040
19              0.08         9  ...                60              0.1297
20              0.08         9  ...                24              0.0910
21              0.08         9  ...                36              0.1144
22              0.08         9  ...                48              0.1368
23              0.08         9  ...                60              0.1561
24              0.08        11  ...                24              0.0295
25              0.08        11  ...                36              0.0468
26              0.08        11  ...                48              0.0589
27              0.08        11  ...                60              0.0711
28              0.08        11  ...                24              0.0627
29              0.08        11  ...                36              0.0828
30              0.08        11  ...                48              0.0915
31              0.08        11  ...                60              0.1088
32              0.08        13  ...                24              0.0186
33              0.08        13  ...                36              0.0259
34              0.08        13  ...                48              0.0340
35              0.08        13  ...                60              0.0450
36              0.08        13  ...                24              0.0508
37              0.08        13  ...                36              0.0637
38              0.08        13  ...                48              0.0656
39              0.08        13  ...                60              0.0746

[40 rows x 5 columns]
Completed: 1/40
Completed: 2/40
Completed: 3/40
Completed: 4/40
Completed: 5/40
Completed: 6/40
Completed: 7/40
Completed: 8/40
Completed: 9/40
Completed: 10/40
Completed: 11/40
Completed: 12/40
Completed: 13/40
Completed: 14/40
Completed: 15/40
Completed: 16/40
Completed: 17/40
Completed: 18/40
Completed: 19/40
