Completed: 1/30
Completed: 2/30
Completed: 3/30
Completed: 4/30
Completed: 5/30
Completed: 6/30
Completed: 7/30
Completed: 8/30
Completed: 9/30
Completed: 10/30
Completed: 11/30
Completed: 12/30
Completed: 13/30
Completed: 14/30
Completed: 15/30
Completed: 16/30
Completed: 17/30
Completed: 18/30
Completed: 19/30
Completed: 20/30
Completed: 21/30
Completed: 22/30
Completed: 23/30
Completed: 24/30
Completed: 25/30
Completed: 26/30
Completed: 27/30
Completed: 28/30
Completed: 29/30
Completed: 30/30
Time taken
1258.530296087265
Burst Error Rate
0.14
    Burst_Error_Rate  Distance  ...  Number_of_Rounds  Logical_Error_Rate
0               0.14         3  ...                64             0.06537
1               0.14         3  ...                96             0.09534
2               0.14         3  ...               128             0.12352
3               0.14         3  ...               160             0.14681
4               0.14         3  ...               192             0.17028
5               0.14         3  ...                64             0.17546
6               0.14         3  ...                96             0.19727
7               0.14         3  ...               128             0.21529
8               0.14         3  ...               160             0.23582
9               0.14         3  ...               192             0.25186
10              0.14         5  ...                64             0.00893
11              0.14         5  ...                96             0.01379
12              0.14         5  ...               128             0.01855
13              0.14         5  ...               160             0.02354
14              0.14         5  ...               192             0.02717
15              0.14         5  ...                64             0.13943
16              0.14         5  ...                96             0.14060
17              0.14         5  ...               128             0.14410
18              0.14         5  ...               160             0.14711
19              0.14         5  ...               192             0.15094
20              0.14         7  ...                64             0.00094
21              0.14         7  ...                96             0.00152
22              0.14         7  ...               128             0.00187
23              0.14         7  ...               160             0.00266
24              0.14         7  ...               192             0.00303
25              0.14         7  ...                64             0.13461
26              0.14         7  ...                96             0.13491
27              0.14         7  ...               128             0.13551
28              0.14         7  ...               160             0.13540
29              0.14         7  ...               192             0.13739

[30 rows x 5 columns]
