Completed: 1/30
Completed: 2/30
Completed: 3/30
Completed: 4/30
Completed: 5/30
Completed: 6/30
Completed: 7/30
Completed: 8/30
Completed: 9/30
Completed: 10/30
Completed: 11/30
Completed: 12/30
Completed: 13/30
Completed: 14/30
Completed: 15/30
Completed: 16/30
Completed: 17/30
Completed: 18/30
Completed: 19/30
Completed: 20/30
Completed: 21/30
Completed: 22/30
Completed: 23/30
Completed: 24/30
Completed: 25/30
Completed: 26/30
Completed: 27/30
Completed: 28/30
Completed: 29/30
Completed: 30/30
Time taken
1722.1022968292236
Burst Error Rate
0.1
    Burst_Error_Rate  Distance  ...  Number_of_Rounds  Logical_Error_Rate
0                0.1         3  ...                64             0.09932
1                0.1         3  ...                96             0.14325
2                0.1         3  ...               128             0.17884
3                0.1         3  ...               160             0.21452
4                0.1         3  ...               192             0.24504
5                0.1         3  ...                64             0.17050
6                0.1         3  ...                96             0.20139
7                0.1         3  ...               128             0.23590
8                0.1         3  ...               160             0.26440
9                0.1         3  ...               192             0.28960
10               0.1         5  ...                64             0.01754
11               0.1         5  ...                96             0.02591
12               0.1         5  ...               128             0.03399
13               0.1         5  ...               160             0.04220
14               0.1         5  ...               192             0.04961
15               0.1         5  ...                64             0.09650
16               0.1         5  ...                96             0.10316
17               0.1         5  ...               128             0.10889
18               0.1         5  ...               160             0.11686
19               0.1         5  ...               192             0.12385
20               0.1         7  ...                64             0.00250
21               0.1         7  ...                96             0.00418
22               0.1         7  ...               128             0.00507
23               0.1         7  ...               160             0.00675
24               0.1         7  ...               192             0.00856
25               0.1         7  ...                64             0.07695
26               0.1         7  ...                96             0.07781
27               0.1         7  ...               128             0.07772
28               0.1         7  ...               160             0.08083
29               0.1         7  ...               192             0.08255

[30 rows x 5 columns]
Completed: 1/30
Completed: 2/30
Completed: 3/30
Completed: 4/30
Completed: 5/30
Completed: 6/30
Completed: 7/30
Completed: 8/30
Completed: 9/30
Completed: 10/30
Completed: 11/30
Completed: 12/30
Completed: 13/30
Completed: 14/30
Completed: 15/30
Completed: 16/30
Completed: 17/30
Completed: 18/30
Completed: 19/30
Completed: 20/30
Completed: 21/30
Completed: 22/30
Completed: 23/30
Completed: 24/30
Completed: 25/30
Completed: 26/30
Completed: 27/30
Completed: 28/30
Completed: 29/30
Completed: 30/30
Time taken
1701.1013824939728
Burst Error Rate
0.10333333333333333
    Burst_Error_Rate  Distance  ...  Number_of_Rounds  Logical_Error_Rate
0           0.103333         3  ...                64             0.10026
1           0.103333         3  ...                96             0.14027
2           0.103333         3  ...               128             0.17947
3           0.103333         3  ...               160             0.21296
4           0.103333         3  ...               192             0.24075
5           0.103333         3  ...                64             0.17360
6           0.103333         3  ...                96             0.20667
7           0.103333         3  ...               128             0.23879
8           0.103333         3  ...               160             0.26479
9           0.103333         3  ...               192             0.29066
10          0.103333         5  ...                64             0.01694
11          0.103333         5  ...                96             0.02557
12          0.103333         5  ...               128             0.03302
13          0.103333         5  ...               160             0.04202
14          0.103333         5  ...               192             0.04908
15          0.103333         5  ...                64             0.10279
16          0.103333         5  ...                96             0.10703
17          0.103333         5  ...               128             0.11470
18          0.103333         5  ...               160             0.12071
19          0.103333         5  ...               192             0.12576
20          0.103333         7  ...                64             0.00278
21          0.103333         7  ...                96             0.00359
22          0.103333         7  ...               128             0.00528
23          0.103333         7  ...               160             0.00624
24          0.103333         7  ...               192             0.00796
25          0.103333         7  ...                64             0.07998
26          0.103333         7  ...                96             0.08259
27          0.103333         7  ...               128             0.08327
28          0.103333         7  ...               160             0.08566
29          0.103333         7  ...               192             0.08807

[30 rows x 5 columns]
Completed: 1/30
Completed: 2/30
Completed: 3/30
Completed: 4/30
Completed: 5/30
Completed: 6/30
Completed: 7/30
Completed: 8/30
Completed: 9/30
Completed: 10/30
Completed: 11/30
Completed: 12/30
Completed: 13/30
Completed: 14/30
Completed: 15/30
Completed: 16/30
Completed: 17/30
Completed: 18/30
Completed: 19/30
Completed: 20/30
Completed: 21/30
Completed: 22/30
Completed: 23/30
Completed: 24/30
Completed: 25/30
Completed: 26/30
Completed: 27/30
Completed: 28/30
Completed: 29/30
Completed: 30/30
Time taken
1807.3552844524384
Burst Error Rate
0.10666666666666667
    Burst_Error_Rate  Distance  ...  Number_of_Rounds  Logical_Error_Rate
0           0.106667         3  ...                64             0.09941
1           0.106667         3  ...                96             0.14162
2           0.106667         3  ...               128             0.17699
3           0.106667         3  ...               160             0.21129
4           0.106667         3  ...               192             0.24332
5           0.106667         3  ...                64             0.17453
6           0.106667         3  ...                96             0.21074
7           0.106667         3  ...               128             0.24048
8           0.106667         3  ...               160             0.26559
9           0.106667         3  ...               192             0.29122
10          0.106667         5  ...                64             0.01691
11          0.106667         5  ...                96             0.02541
12          0.106667         5  ...               128             0.03379
13          0.106667         5  ...               160             0.04137
14          0.106667         5  ...               192             0.05012
15          0.106667         5  ...                64             0.10566
16          0.106667         5  ...                96             0.11131
17          0.106667         5  ...               128             0.11867
18          0.106667         5  ...               160             0.12601
19          0.106667         5  ...               192             0.13035
20          0.106667         7  ...                64             0.00258
21          0.106667         7  ...                96             0.00424
22          0.106667         7  ...               128             0.00515
23          0.106667         7  ...               160             0.00651
24          0.106667         7  ...               192             0.00784
25          0.106667         7  ...                64             0.08703
26          0.106667         7  ...                96             0.09123
27          0.106667         7  ...               128             0.09148
28          0.106667         7  ...               160             0.09232
29          0.106667         7  ...               192             0.09305

[30 rows x 5 columns]
Completed: 1/30
Completed: 2/30
Completed: 3/30
Completed: 4/30
Completed: 5/30
Completed: 6/30
Completed: 7/30
Completed: 8/30
Completed: 9/30
Completed: 10/30
Completed: 11/30
Completed: 12/30
Completed: 13/30
Completed: 14/30
Completed: 15/30
Completed: 16/30
Completed: 17/30
Completed: 18/30
Completed: 19/30
Completed: 20/30
Completed: 21/30
Completed: 22/30
Completed: 23/30
Completed: 24/30
Completed: 25/30
Completed: 26/30
Completed: 27/30
Completed: 28/30
Completed: 29/30
Completed: 30/30
Time taken
1724.9234626293182
Burst Error Rate
0.11
    Burst_Error_Rate  Distance  ...  Number_of_Rounds  Logical_Error_Rate
0               0.11         3  ...                64             0.09994
1               0.11         3  ...                96             0.14220
2               0.11         3  ...               128             0.17967
3               0.11         3  ...               160             0.21351
4               0.11         3  ...               192             0.24463
5               0.11         3  ...                64             0.17694
6               0.11         3  ...                96             0.21362
7               0.11         3  ...               128             0.24419
8               0.11         3  ...               160             0.26872
9               0.11         3  ...               192             0.29264
10              0.11         5  ...                64             0.01686
11              0.11         5  ...                96             0.02529
12              0.11         5  ...               128             0.03334
13              0.11         5  ...               160             0.04166
14              0.11         5  ...               192             0.04965
15              0.11         5  ...                64             0.11103
16              0.11         5  ...                96             0.11738
17              0.11         5  ...               128             0.12446
18              0.11         5  ...               160             0.12895
19              0.11         5  ...               192             0.13738
20              0.11         7  ...                64             0.00286
21              0.11         7  ...                96             0.00428
22              0.11         7  ...               128             0.00564
23              0.11         7  ...               160             0.00643
24              0.11         7  ...               192             0.00758
25              0.11         7  ...                64             0.09320
26              0.11         7  ...                96             0.09542
27              0.11         7  ...               128             0.09787
28              0.11         7  ...               160             0.09718
29              0.11         7  ...               192             0.09909

[30 rows x 5 columns]
Completed: 1/30
Completed: 2/30
Completed: 3/30
Completed: 4/30
Completed: 5/30
Completed: 6/30
Completed: 7/30
Completed: 8/30
Completed: 9/30
Completed: 10/30
Completed: 11/30
Completed: 12/30
Completed: 13/30
Completed: 14/30
Completed: 15/30
Completed: 16/30
Completed: 17/30
Completed: 18/30
Completed: 19/30
Completed: 20/30
Completed: 21/30
Completed: 22/30
Completed: 23/30
Completed: 24/30
Completed: 25/30
Completed: 26/30
Completed: 27/30
Completed: 28/30
Completed: 29/30
Completed: 30/30
Time taken
1703.4663262367249
Burst Error Rate
0.11333333333333334
    Burst_Error_Rate  Distance  ...  Number_of_Rounds  Logical_Error_Rate
0           0.113333         3  ...                64             0.10065
1           0.113333         3  ...                96             0.14364
2           0.113333         3  ...               128             0.18107
3           0.113333         3  ...               160             0.21424
4           0.113333         3  ...               192             0.24584
5           0.113333         3  ...                64             0.18330
6           0.113333         3  ...                96             0.21533
7           0.113333         3  ...               128             0.24662
8           0.113333         3  ...               160             0.27186
9           0.113333         3  ...               192             0.29574
10          0.113333         5  ...                64             0.01706
11          0.113333         5  ...                96             0.02508
12          0.113333         5  ...               128             0.03422
13          0.113333         5  ...               160             0.04206
14          0.113333         5  ...               192             0.04968
15          0.113333         5  ...                64             0.11513
16          0.113333         5  ...                96             0.12252
17          0.113333         5  ...               128             0.12977
18          0.113333         5  ...               160             0.13489
19          0.113333         5  ...               192             0.14153
20          0.113333         7  ...                64             0.00283
21          0.113333         7  ...                96             0.00397
22          0.113333         7  ...               128             0.00522
23          0.113333         7  ...               160             0.00702
24          0.113333         7  ...               192             0.00804
25          0.113333         7  ...                64             0.09996
26          0.113333         7  ...                96             0.10215
27          0.113333         7  ...               128             0.10357
28          0.113333         7  ...               160             0.10473
29          0.113333         7  ...               192             0.10580

[30 rows x 5 columns]
Completed: 1/30
Completed: 2/30
Completed: 3/30
Completed: 4/30
Completed: 5/30
Completed: 6/30
Completed: 7/30
Completed: 8/30
Completed: 9/30
Completed: 10/30
Completed: 11/30
Completed: 12/30
Completed: 13/30
Completed: 14/30
Completed: 15/30
Completed: 16/30
Completed: 17/30
Completed: 18/30
Completed: 19/30
Completed: 20/30
Completed: 21/30
Completed: 22/30
Completed: 23/30
Completed: 24/30
Completed: 25/30
Completed: 26/30
Completed: 27/30
Completed: 28/30
Completed: 29/30
Completed: 30/30
Time taken
1692.8220245838165
Burst Error Rate
0.11666666666666667
    Burst_Error_Rate  Distance  ...  Number_of_Rounds  Logical_Error_Rate
0           0.116667         3  ...                64             0.10052
1           0.116667         3  ...                96             0.14159
2           0.116667         3  ...               128             0.18045
3           0.116667         3  ...               160             0.21364
4           0.116667         3  ...               192             0.24246
5           0.116667         3  ...                64             0.18541
6           0.116667         3  ...                96             0.21638
7           0.116667         3  ...               128             0.24789
8           0.116667         3  ...               160             0.27422
9           0.116667         3  ...               192             0.29943
10          0.116667         5  ...                64             0.01665
11          0.116667         5  ...                96             0.02628
12          0.116667         5  ...               128             0.03318
13          0.116667         5  ...               160             0.04169
14          0.116667         5  ...               192             0.05097
15          0.116667         5  ...                64             0.12137
16          0.116667         5  ...                96             0.12553
17          0.116667         5  ...               128             0.13277
18          0.116667         5  ...               160             0.13870
19          0.116667         5  ...               192             0.14710
20          0.116667         7  ...                64             0.00271
21          0.116667         7  ...                96             0.00410
22          0.116667         7  ...               128             0.00529
23          0.116667         7  ...               160             0.00709
24          0.116667         7  ...               192             0.00760
25          0.116667         7  ...                64             0.10830
26          0.116667         7  ...                96             0.10644
27          0.116667         7  ...               128             0.10954
28          0.116667         7  ...               160             0.10957
29          0.116667         7  ...               192             0.11096

[30 rows x 5 columns]
Completed: 1/30
Completed: 2/30
Completed: 3/30
Completed: 4/30
Completed: 5/30
Completed: 6/30
Completed: 7/30
Completed: 8/30
Completed: 9/30
Completed: 10/30
Completed: 11/30
Completed: 12/30
Completed: 13/30
Completed: 14/30
Completed: 15/30
Completed: 16/30
Completed: 17/30
Completed: 18/30
Completed: 19/30
Completed: 20/30
Completed: 21/30
Completed: 22/30
Completed: 23/30
Completed: 24/30
Completed: 25/30
Completed: 26/30
Completed: 27/30
Completed: 28/30
Completed: 29/30
Completed: 30/30
Time taken
1737.4304053783417
Burst Error Rate
0.12
    Burst_Error_Rate  Distance  ...  Number_of_Rounds  Logical_Error_Rate
0               0.12         3  ...                64             0.09867
1               0.12         3  ...                96             0.14272
2               0.12         3  ...               128             0.17956
3               0.12         3  ...               160             0.21328
4               0.12         3  ...               192             0.24470
5               0.12         3  ...                64             0.19037
6               0.12         3  ...                96             0.22177
7               0.12         3  ...               128             0.24898
8               0.12         3  ...               160             0.27288
9               0.12         3  ...               192             0.30047
10              0.12         5  ...                64             0.01723
11              0.12         5  ...                96             0.02606
12              0.12         5  ...               128             0.03249
13              0.12         5  ...               160             0.04086
14              0.12         5  ...               192             0.04931
15              0.12         5  ...                64             0.12700
16              0.12         5  ...                96             0.13314
17              0.12         5  ...               128             0.13880
18              0.12         5  ...               160             0.14590
19              0.12         5  ...               192             0.15003
20              0.12         7  ...                64             0.00241
21              0.12         7  ...                96             0.00433
22              0.12         7  ...               128             0.00546
23              0.12         7  ...               160             0.00676
24              0.12         7  ...               192             0.00818
25              0.12         7  ...                64             0.11416
26              0.12         7  ...                96             0.11629
27              0.12         7  ...               128             0.11704
28              0.12         7  ...               160             0.11767
29              0.12         7  ...               192             0.11986

[30 rows x 5 columns]
Completed: 1/30
Completed: 2/30
Completed: 3/30
Completed: 4/30
Completed: 5/30
Completed: 6/30
Completed: 7/30
Completed: 8/30
Completed: 9/30
Completed: 10/30
Completed: 11/30
Completed: 12/30
Completed: 13/30
Completed: 14/30
Completed: 15/30
Completed: 16/30
Completed: 17/30
Completed: 18/30
Completed: 19/30
Completed: 20/30
Completed: 21/30
Completed: 22/30
Completed: 23/30
Completed: 24/30
Completed: 25/30
Completed: 26/30
Completed: 27/30
Completed: 28/30
Completed: 29/30
Completed: 30/30
Time taken
1791.4107060432434
Burst Error Rate
0.12333333333333334
    Burst_Error_Rate  Distance  ...  Number_of_Rounds  Logical_Error_Rate
0           0.123333         3  ...                64             0.09828
1           0.123333         3  ...                96             0.14081
2           0.123333         3  ...               128             0.17945
3           0.123333         3  ...               160             0.21240
4           0.123333         3  ...               192             0.24280
5           0.123333         3  ...                64             0.19263
6           0.123333         3  ...                96             0.22427
7           0.123333         3  ...               128             0.25294
8           0.123333         3  ...               160             0.27783
9           0.123333         3  ...               192             0.30390
10          0.123333         5  ...                64             0.01628
11          0.123333         5  ...                96             0.02527
12          0.123333         5  ...               128             0.03368
13          0.123333         5  ...               160             0.04147
14          0.123333         5  ...               192             0.04962
15          0.123333         5  ...                64             0.13232
16          0.123333         5  ...                96             0.13873
17          0.123333         5  ...               128             0.14321
18          0.123333         5  ...               160             0.14966
19          0.123333         5  ...               192             0.15627
20          0.123333         7  ...                64             0.00256
21          0.123333         7  ...                96             0.00391
22          0.123333         7  ...               128             0.00518
23          0.123333         7  ...               160             0.00643
24          0.123333         7  ...               192             0.00798
25          0.123333         7  ...                64             0.11917
26          0.123333         7  ...                96             0.12180
27          0.123333         7  ...               128             0.12305
28          0.123333         7  ...               160             0.12437
29          0.123333         7  ...               192             0.12426

[30 rows x 5 columns]
Completed: 1/30
Completed: 2/30
Completed: 3/30
Completed: 4/30
Completed: 5/30
Completed: 6/30
Completed: 7/30
Completed: 8/30
Completed: 9/30
Completed: 10/30
Completed: 11/30
Completed: 12/30
Completed: 13/30
Completed: 14/30
Completed: 15/30
Completed: 16/30
Completed: 17/30
Completed: 18/30
Completed: 19/30
Completed: 20/30
Completed: 21/30
Completed: 22/30
Completed: 23/30
Completed: 24/30
Completed: 25/30
Completed: 26/30
Completed: 27/30
Completed: 28/30
Completed: 29/30
Completed: 30/30
Time taken
1775.962851524353
Burst Error Rate
0.12666666666666668
    Burst_Error_Rate  Distance  ...  Number_of_Rounds  Logical_Error_Rate
0           0.126667         3  ...                64             0.09797
1           0.126667         3  ...                96             0.14094
2           0.126667         3  ...               128             0.17867
3           0.126667         3  ...               160             0.21203
4           0.126667         3  ...               192             0.24241
5           0.126667         3  ...                64             0.19509
6           0.126667         3  ...                96             0.22795
7           0.126667         3  ...               128             0.25904
8           0.126667         3  ...               160             0.28207
9           0.126667         3  ...               192             0.30304
10          0.126667         5  ...                64             0.01744
11          0.126667         5  ...                96             0.02626
12          0.126667         5  ...               128             0.03338
13          0.126667         5  ...               160             0.04124
14          0.126667         5  ...               192             0.04849
15          0.126667         5  ...                64             0.13875
16          0.126667         5  ...                96             0.14317
17          0.126667         5  ...               128             0.14927
18          0.126667         5  ...               160             0.15660
19          0.126667         5  ...               192             0.16204
20          0.126667         7  ...                64             0.00270
21          0.126667         7  ...                96             0.00388
22          0.126667         7  ...               128             0.00488
23          0.126667         7  ...               160             0.00669
24          0.126667         7  ...               192             0.00800
25          0.126667         7  ...                64             0.12824
26          0.126667         7  ...                96             0.12970
27          0.126667         7  ...               128             0.13045
28          0.126667         7  ...               160             0.13152
29          0.126667         7  ...               192             0.13145

[30 rows x 5 columns]
Completed: 1/30
Completed: 2/30
Completed: 3/30
Completed: 4/30
Completed: 5/30
Completed: 6/30
Completed: 7/30
Completed: 8/30
Completed: 9/30
Completed: 10/30
Completed: 11/30
Completed: 12/30
Completed: 13/30
Completed: 14/30
Completed: 15/30
Completed: 16/30
Completed: 17/30
Completed: 18/30
Completed: 19/30
Completed: 20/30
Completed: 21/30
Completed: 22/30
Completed: 23/30
Completed: 24/30
Completed: 25/30
Completed: 26/30
Completed: 27/30
Completed: 28/30
Completed: 29/30
Completed: 30/30
Time taken
1751.7026093006134
Burst Error Rate
0.13
    Burst_Error_Rate  Distance  ...  Number_of_Rounds  Logical_Error_Rate
0               0.13         3  ...                64             0.09901
1               0.13         3  ...                96             0.14154
2               0.13         3  ...               128             0.17912
3               0.13         3  ...               160             0.21300
4               0.13         3  ...               192             0.24405
5               0.13         3  ...                64             0.19915
6               0.13         3  ...                96             0.23103
7               0.13         3  ...               128             0.25656
8               0.13         3  ...               160             0.28277
9               0.13         3  ...               192             0.30597
10              0.13         5  ...                64             0.01677
11              0.13         5  ...                96             0.02602
12              0.13         5  ...               128             0.03371
13              0.13         5  ...               160             0.04148
14              0.13         5  ...               192             0.04972
15              0.13         5  ...                64             0.14097
16              0.13         5  ...                96             0.14752
17              0.13         5  ...               128             0.15619
18              0.13         5  ...               160             0.16254
19              0.13         5  ...               192             0.16542
20              0.13         7  ...                64             0.00247
21              0.13         7  ...                96             0.00342
22              0.13         7  ...               128             0.00499
23              0.13         7  ...               160             0.00647
24              0.13         7  ...               192             0.00778
25              0.13         7  ...                64             0.13492
26              0.13         7  ...                96             0.13789
27              0.13         7  ...               128             0.13737
28              0.13         7  ...               160             0.13775
29              0.13         7  ...               192             0.13837

[30 rows x 5 columns]
