Completed: 1/30
Completed: 2/30
Completed: 3/30
Completed: 4/30
Completed: 5/30
Completed: 6/30
Completed: 7/30
Completed: 8/30
Completed: 9/30
Completed: 10/30
Completed: 11/30
Completed: 12/30
Completed: 13/30
Completed: 14/30
Completed: 15/30
Completed: 16/30
Completed: 17/30
Completed: 18/30
Completed: 19/30
Completed: 20/30
Completed: 21/30
Completed: 22/30
Completed: 23/30
Completed: 24/30
Completed: 25/30
Completed: 26/30
Completed: 27/30
Completed: 28/30
Completed: 29/30
Completed: 30/30
Time taken
3313.4189081192017
Burst Error Rate
0.1
    Burst_Error_Rate  Distance  ...  Number_of_Rounds  Logical_Error_Rate
0                0.1         3  ...                64             0.16154
1                0.1         3  ...                96             0.22025
2                0.1         3  ...               128             0.27107
3                0.1         3  ...               160             0.31014
4                0.1         3  ...               192             0.34366
5                0.1         3  ...                64             0.22761
6                0.1         3  ...                96             0.27526
7                0.1         3  ...               128             0.31204
8                0.1         3  ...               160             0.34881
9                0.1         3  ...               192             0.37678
10               0.1         5  ...                64             0.03984
11               0.1         5  ...                96             0.05682
12               0.1         5  ...               128             0.07486
13               0.1         5  ...               160             0.09200
14               0.1         5  ...               192             0.10804
15               0.1         5  ...                64             0.12321
16               0.1         5  ...                96             0.13965
17               0.1         5  ...               128             0.15130
18               0.1         5  ...               160             0.16587
19               0.1         5  ...               192             0.17923
20               0.1         7  ...                64             0.00863
21               0.1         7  ...                96             0.01189
22               0.1         7  ...               128             0.01667
23               0.1         7  ...               160             0.01958
24               0.1         7  ...               192             0.02332
25               0.1         7  ...                64             0.09279
26               0.1         7  ...                96             0.09579
27               0.1         7  ...               128             0.09941
28               0.1         7  ...               160             0.10260
29               0.1         7  ...               192             0.10602

[30 rows x 5 columns]
Completed: 1/30
Completed: 2/30
Completed: 3/30
Completed: 4/30
Completed: 5/30
Completed: 6/30
Completed: 7/30
Completed: 8/30
Completed: 9/30
Completed: 10/30
Completed: 11/30
Completed: 12/30
Completed: 13/30
Completed: 14/30
Completed: 15/30
Completed: 16/30
Completed: 17/30
Completed: 18/30
Completed: 19/30
Completed: 20/30
Completed: 21/30
Completed: 22/30
Completed: 23/30
Completed: 24/30
Completed: 25/30
Completed: 26/30
Completed: 27/30
Completed: 28/30
Completed: 29/30
Completed: 30/30
Time taken
3511.680687904358
Burst Error Rate
0.10333333333333333
    Burst_Error_Rate  Distance  ...  Number_of_Rounds  Logical_Error_Rate
0           0.103333         3  ...                64             0.16192
1           0.103333         3  ...                96             0.21997
2           0.103333         3  ...               128             0.26866
3           0.103333         3  ...               160             0.30974
4           0.103333         3  ...               192             0.34576
5           0.103333         3  ...                64             0.22976
6           0.103333         3  ...                96             0.27711
7           0.103333         3  ...               128             0.31624
8           0.103333         3  ...               160             0.34686
9           0.103333         3  ...               192             0.37559
10          0.103333         5  ...                64             0.03918
11          0.103333         5  ...                96             0.05667
12          0.103333         5  ...               128             0.07473
13          0.103333         5  ...               160             0.09032
14          0.103333         5  ...               192             0.10762
15          0.103333         5  ...                64             0.12985
16          0.103333         5  ...                96             0.14244
17          0.103333         5  ...               128             0.15728
18          0.103333         5  ...               160             0.17271
19          0.103333         5  ...               192             0.18396
20          0.103333         7  ...                64             0.00791
21          0.103333         7  ...                96             0.01196
22          0.103333         7  ...               128             0.01603
23          0.103333         7  ...               160             0.02000
24          0.103333         7  ...               192             0.02355
25          0.103333         7  ...                64             0.09757
26          0.103333         7  ...                96             0.10217
27          0.103333         7  ...               128             0.10681
28          0.103333         7  ...               160             0.10800
29          0.103333         7  ...               192             0.11239

[30 rows x 5 columns]
Completed: 1/30
Completed: 2/30
Completed: 3/30
Completed: 4/30
Completed: 5/30
Completed: 6/30
Completed: 7/30
Completed: 8/30
Completed: 9/30
Completed: 10/30
Completed: 11/30
Completed: 12/30
Completed: 13/30
Completed: 14/30
Completed: 15/30
Completed: 16/30
Completed: 17/30
Completed: 18/30
Completed: 19/30
Completed: 20/30
Completed: 21/30
Completed: 22/30
Completed: 23/30
Completed: 24/30
Completed: 25/30
Completed: 26/30
Completed: 27/30
Completed: 28/30
Completed: 29/30
Completed: 30/30
Time taken
3754.1412677764893
Burst Error Rate
0.10666666666666667
    Burst_Error_Rate  Distance  ...  Number_of_Rounds  Logical_Error_Rate
0           0.106667         3  ...                64             0.16127
1           0.106667         3  ...                96             0.22031
2           0.106667         3  ...               128             0.26974
3           0.106667         3  ...               160             0.31033
4           0.106667         3  ...               192             0.34497
5           0.106667         3  ...                64             0.23067
6           0.106667         3  ...                96             0.27875
7           0.106667         3  ...               128             0.31818
8           0.106667         3  ...               160             0.34962
9           0.106667         3  ...               192             0.37722
10          0.106667         5  ...                64             0.03752
11          0.106667         5  ...                96             0.05574
12          0.106667         5  ...               128             0.07406
13          0.106667         5  ...               160             0.08868
14          0.106667         5  ...               192             0.10748
15          0.106667         5  ...                64             0.13312
16          0.106667         5  ...                96             0.14693
17          0.106667         5  ...               128             0.16029
18          0.106667         5  ...               160             0.17798
19          0.106667         5  ...               192             0.18583
20          0.106667         7  ...                64             0.00813
21          0.106667         7  ...                96             0.01220
22          0.106667         7  ...               128             0.01582
23          0.106667         7  ...               160             0.02036
24          0.106667         7  ...               192             0.02434
25          0.106667         7  ...                64             0.10483
26          0.106667         7  ...                96             0.10683
27          0.106667         7  ...               128             0.11185
28          0.106667         7  ...               160             0.11279
29          0.106667         7  ...               192             0.11781

[30 rows x 5 columns]
Completed: 1/30
Completed: 2/30
Completed: 3/30
Completed: 4/30
Completed: 5/30
Completed: 6/30
Completed: 7/30
Completed: 8/30
Completed: 9/30
Completed: 10/30
Completed: 11/30
Completed: 12/30
Completed: 13/30
Completed: 14/30
Completed: 15/30
Completed: 16/30
Completed: 17/30
Completed: 18/30
Completed: 19/30
Completed: 20/30
Completed: 21/30
Completed: 22/30
Completed: 23/30
Completed: 24/30
Completed: 1/30
Completed: 2/30
Completed: 3/30
Completed: 4/30
Completed: 5/30
Completed: 6/30
Completed: 7/30
Completed: 8/30
Completed: 9/30
Completed: 10/30
Completed: 11/30
Completed: 12/30
Completed: 13/30
Completed: 14/30
Completed: 15/30
Completed: 16/30
Completed: 17/30
Completed: 18/30
Completed: 19/30
Completed: 20/30
Completed: 21/30
Completed: 22/30
Completed: 23/30
Completed: 24/30
Completed: 25/30
Completed: 26/30
Completed: 27/30
Completed: 28/30
Completed: 29/30
Completed: 30/30
Time taken
3528.116478204727
Burst Error Rate
0.11
    Burst_Error_Rate  Distance  ...  Number_of_Rounds  Logical_Error_Rate
0               0.11         3  ...                64             0.16194
1               0.11         3  ...                96             0.22091
2               0.11         3  ...               128             0.27113
3               0.11         3  ...               160             0.31162
4               0.11         3  ...               192             0.34378
5               0.11         3  ...                64             0.23277
6               0.11         3  ...                96             0.28236
7               0.11         3  ...               128             0.32010
8               0.11         3  ...               160             0.35254
9               0.11         3  ...               192             0.37892
10              0.11         5  ...                64             0.03859
11              0.11         5  ...                96             0.05672
12              0.11         5  ...               128             0.07462
13              0.11         5  ...               160             0.09098
14              0.11         5  ...               192             0.10760
15              0.11         5  ...                64             0.13945
16              0.11         5  ...                96             0.15297
17              0.11         5  ...               128             0.16736
18              0.11         5  ...               160             0.17946
19              0.11         5  ...               192             0.19244
20              0.11         7  ...                64             0.00820
21              0.11         7  ...                96             0.01240
22              0.11         7  ...               128             0.01645
23              0.11         7  ...               160             0.02006
24              0.11         7  ...               192             0.02323
25              0.11         7  ...                64             0.11244
26              0.11         7  ...                96             0.11423
27              0.11         7  ...               128             0.11963
28              0.11         7  ...               160             0.12079
29              0.11         7  ...               192             0.12425

[30 rows x 5 columns]
Completed: 1/30
Completed: 2/30
Completed: 3/30
Completed: 4/30
Completed: 5/30
Completed: 6/30
Completed: 7/30
Completed: 8/30
Completed: 9/30
Completed: 10/30
Completed: 11/30
Completed: 12/30
Completed: 13/30
Completed: 14/30
Completed: 15/30
Completed: 16/30
Completed: 17/30
Completed: 18/30
Completed: 19/30
Completed: 20/30
Completed: 21/30
Completed: 22/30
Completed: 23/30
Completed: 24/30
Completed: 25/30
Completed: 26/30
Completed: 27/30
Completed: 28/30
Completed: 29/30
Completed: 30/30
Time taken
3499.0292208194733
Burst Error Rate
0.11333333333333334
    Burst_Error_Rate  Distance  ...  Number_of_Rounds  Logical_Error_Rate
0           0.113333         3  ...                64             0.16147
1           0.113333         3  ...                96             0.22020
2           0.113333         3  ...               128             0.27195
3           0.113333         3  ...               160             0.31076
4           0.113333         3  ...               192             0.34437
5           0.113333         3  ...                64             0.23715
6           0.113333         3  ...                96             0.28353
7           0.113333         3  ...               128             0.32128
8           0.113333         3  ...               160             0.35396
9           0.113333         3  ...               192             0.37856
10          0.113333         5  ...                64             0.03875
11          0.113333         5  ...                96             0.05778
12          0.113333         5  ...               128             0.07336
13          0.113333         5  ...               160             0.09151
14          0.113333         5  ...               192             0.10713
15          0.113333         5  ...                64             0.14554
16          0.113333         5  ...                96             0.15654
17          0.113333         5  ...               128             0.17091
18          0.113333         5  ...               160             0.18524
19          0.113333         5  ...               192             0.19658
20          0.113333         7  ...                64             0.00757
21          0.113333         7  ...                96             0.01226
22          0.113333         7  ...               128             0.01665
23          0.113333         7  ...               160             0.01973
24          0.113333         7  ...               192             0.02349
25          0.113333         7  ...                64             0.11723
26          0.113333         7  ...                96             0.12164
27          0.113333         7  ...               128             0.12501
28          0.113333         7  ...               160             0.12785
29          0.113333         7  ...               192             0.13225

[30 rows x 5 columns]
Completed: 1/30
Completed: 2/30
Completed: 3/30
Completed: 4/30
Completed: 5/30
Completed: 6/30
Completed: 7/30
Completed: 8/30
Completed: 9/30
Completed: 10/30
Completed: 11/30
Completed: 12/30
Completed: 13/30
Completed: 14/30
Completed: 15/30
Completed: 16/30
Completed: 17/30
Completed: 18/30
Completed: 19/30
Completed: 20/30
Completed: 21/30
Completed: 22/30
Completed: 23/30
Completed: 24/30
Completed: 25/30
Completed: 26/30
Completed: 27/30
Completed: 28/30
