Completed: 1/24
Completed: 2/24
Completed: 3/24
Completed: 4/24
Completed: 5/24
Completed: 6/24
Completed: 7/24
Completed: 8/24
Completed: 9/24
Completed: 10/24
Completed: 11/24
Completed: 12/24
Completed: 13/24
Completed: 14/24
Completed: 15/24
Completed: 16/24
Completed: 17/24
Completed: 18/24
Completed: 19/24
Completed: 20/24
Completed: 21/24
Completed: 22/24
Completed: 23/24
Completed: 24/24
Time taken
321.28127455711365
Burst Error Rate
0.08
    Burst_Error_Rate  Distance  ...  Number_of_Rounds  Logical_Error_Rate
0               0.08         5  ...                24              0.0808
1               0.08         5  ...                36              0.1105
2               0.08         5  ...                48              0.1424
3               0.08         5  ...                60              0.1766
4               0.08         5  ...                24              0.1239
5               0.08         5  ...                36              0.1514
6               0.08         5  ...                48              0.1770
7               0.08         5  ...                60              0.1970
8               0.08         7  ...                24              0.0319
9               0.08         7  ...                36              0.0463
10              0.08         7  ...                48              0.0627
11              0.08         7  ...                60              0.0746
12              0.08         7  ...                24              0.0676
13              0.08         7  ...                36              0.0799
14              0.08         7  ...                48              0.0998
15              0.08         7  ...                60              0.1117
16              0.08         9  ...                24              0.0136
17              0.08         9  ...                36              0.0194
18              0.08         9  ...                48              0.0246
19              0.08         9  ...                60              0.0348
20              0.08         9  ...                24              0.0461
21              0.08         9  ...                36              0.0527
22              0.08         9  ...                48              0.0531
23              0.08         9  ...                60              0.0639

[24 rows x 5 columns]
Completed: 1/24
Completed: 2/24
Completed: 3/24
Completed: 4/24
Completed: 5/24
Completed: 6/24
Completed: 7/24
Completed: 8/24
Completed: 9/24
Completed: 10/24
Completed: 11/24
Completed: 12/24
Completed: 13/24
Completed: 14/24
Completed: 15/24
Completed: 16/24
Completed: 17/24
Completed: 18/24
Completed: 19/24
Completed: 20/24
Completed: 21/24
Completed: 22/24
Completed: 23/24
Completed: 24/24
Time taken
318.19433784484863
Burst Error Rate
0.09
    Burst_Error_Rate  Distance  ...  Number_of_Rounds  Logical_Error_Rate
0               0.09         5  ...                24              0.0766
1               0.09         5  ...                36              0.1148
2               0.09         5  ...                48              0.1460
3               0.09         5  ...                60              0.1755
4               0.09         5  ...                24              0.1353
5               0.09         5  ...                36              0.1603
6               0.09         5  ...                48              0.1913
7               0.09         5  ...                60              0.2143
8               0.09         7  ...                24              0.0312
9               0.09         7  ...                36              0.0469
10              0.09         7  ...                48              0.0605
11              0.09         7  ...                60              0.0750
12              0.09         7  ...                24              0.0866
13              0.09         7  ...                36              0.0981
14              0.09         7  ...                48              0.1153
15              0.09         7  ...                60              0.1256
16              0.09         9  ...                24              0.0141
17              0.09         9  ...                36              0.0188
18              0.09         9  ...                48              0.0254
19              0.09         9  ...                60              0.0318
20              0.09         9  ...                24              0.0617
21              0.09         9  ...                36              0.0706
22              0.09         9  ...                48              0.0726
23              0.09         9  ...                60              0.0747

[24 rows x 5 columns]
Completed: 1/24
Completed: 2/24
Completed: 3/24
Completed: 4/24
Completed: 5/24
Completed: 6/24
Completed: 7/24
Completed: 8/24
Completed: 9/24
Completed: 10/24
Completed: 11/24
Completed: 12/24
Completed: 13/24
Completed: 14/24
Completed: 15/24
Completed: 16/24
Completed: 17/24
Completed: 18/24
Completed: 19/24
Completed: 20/24
Completed: 21/24
Completed: 22/24
Completed: 23/24
Completed: 24/24
Time taken
320.2836036682129
Burst Error Rate
0.1
    Burst_Error_Rate  Distance  ...  Number_of_Rounds  Logical_Error_Rate
0                0.1         5  ...                24              0.0775
1                0.1         5  ...                36              0.1120
2                0.1         5  ...                48              0.1457
3                0.1         5  ...                60              0.1755
4                0.1         5  ...                24              0.1421
5                0.1         5  ...                36              0.1761
6                0.1         5  ...                48              0.1921
7                0.1         5  ...                60              0.2254
8                0.1         7  ...                24              0.0318
9                0.1         7  ...                36              0.0444
10               0.1         7  ...                48              0.0638
11               0.1         7  ...                60              0.0748
12               0.1         7  ...                24              0.0986
13               0.1         7  ...                36              0.1125
14               0.1         7  ...                48              0.1212
15               0.1         7  ...                60              0.1412
16               0.1         9  ...                24              0.0128
17               0.1         9  ...                36              0.0213
18               0.1         9  ...                48              0.0248
19               0.1         9  ...                60              0.0325
20               0.1         9  ...                24              0.0751
21               0.1         9  ...                36              0.0819
22               0.1         9  ...                48              0.0906
23               0.1         9  ...                60              0.0918

[24 rows x 5 columns]
Completed: 1/24
Completed: 2/24
Completed: 3/24
Completed: 4/24
Completed: 5/24
Completed: 6/24
Completed: 7/24
Completed: 8/24
Completed: 9/24
Completed: 10/24
Completed: 11/24
Completed: 12/24
Completed: 13/24
Completed: 14/24
Completed: 15/24
Completed: 16/24
Completed: 17/24
Completed: 18/24
Completed: 19/24
Completed: 20/24
Completed: 21/24
Completed: 22/24
Completed: 23/24
Completed: 24/24
Time taken
310.4716899394989
Burst Error Rate
0.11
    Burst_Error_Rate  Distance  ...  Number_of_Rounds  Logical_Error_Rate
0               0.11         5  ...                24              0.0802
1               0.11         5  ...                36              0.1089
2               0.11         5  ...                48              0.1398
3               0.11         5  ...                60              0.1729
4               0.11         5  ...                24              0.1545
5               0.11         5  ...                36              0.1893
6               0.11         5  ...                48              0.2118
7               0.11         5  ...                60              0.2325
8               0.11         7  ...                24              0.0284
9               0.11         7  ...                36              0.0489
10              0.11         7  ...                48              0.0587
11              0.11         7  ...                60              0.0770
12              0.11         7  ...                24              0.1177
13              0.11         7  ...                36              0.1263
14              0.11         7  ...                48              0.1408
15              0.11         7  ...                60              0.1573
16              0.11         9  ...                24              0.0121
17              0.11         9  ...                36              0.0185
18              0.11         9  ...                48              0.0258
19              0.11         9  ...                60              0.0315
20              0.11         9  ...                24              0.0907
21              0.11         9  ...                36              0.0968
22              0.11         9  ...                48              0.1085
23              0.11         9  ...                60              0.1154

[24 rows x 5 columns]
Completed: 1/24
Completed: 2/24
Completed: 3/24
Completed: 4/24
Completed: 5/24
Completed: 6/24
Completed: 7/24
Completed: 8/24
Completed: 9/24
Completed: 10/24
Completed: 11/24
Completed: 12/24
Completed: 13/24
Completed: 14/24
Completed: 15/24
Completed: 16/24
Completed: 17/24
Completed: 18/24
Completed: 19/24
Completed: 20/24
Completed: 21/24
Completed: 22/24
Completed: 23/24
Completed: 24/24
Time taken
334.60821437835693
Burst Error Rate
0.12
    Burst_Error_Rate  Distance  ...  Number_of_Rounds  Logical_Error_Rate
0               0.12         5  ...                24              0.0843
1               0.12         5  ...                36              0.1084
2               0.12         5  ...                48              0.1420
3               0.12         5  ...                60              0.1687
4               0.12         5  ...                24              0.1703
5               0.12         5  ...                36              0.2007
6               0.12         5  ...                48              0.2225
7               0.12         5  ...                60              0.2536
8               0.12         7  ...                24              0.0345
9               0.12         7  ...                36              0.0475
10              0.12         7  ...                48              0.0627
11              0.12         7  ...                60              0.0729
12              0.12         7  ...                24              0.1382
13              0.12         7  ...                36              0.1553
14              0.12         7  ...                48              0.1552
15              0.12         7  ...                60              0.1655
16              0.12         9  ...                24              0.0132
17              0.12         9  ...                36              0.0197
18              0.12         9  ...                48              0.0276
19              0.12         9  ...                60              0.0309
20              0.12         9  ...                24              0.1160
21              0.12         9  ...                36              0.1243
22              0.12         9  ...                48              0.1278
23              0.12         9  ...                60              0.1396

[24 rows x 5 columns]
Completed: 1/24
Completed: 2/24
Completed: 3/24
Completed: 4/24
Completed: 5/24
Completed: 6/24
Completed: 7/24
Completed: 8/24
Completed: 9/24
Completed: 10/24
Completed: 11/24
Completed: 12/24
Completed: 13/24
Completed: 14/24
Completed: 15/24
Completed: 16/24
Completed: 17/24
Completed: 18/24
Completed: 19/24
Completed: 20/24
Completed: 21/24
Completed: 22/24
Completed: 23/24
Completed: 24/24
Time taken
316.63977098464966
Burst Error Rate
0.13
    Burst_Error_Rate  Distance  ...  Number_of_Rounds  Logical_Error_Rate
0               0.13         5  ...                24              0.0758
1               0.13         5  ...                36              0.1158
2               0.13         5  ...                48              0.1454
3               0.13         5  ...                60              0.1696
4               0.13         5  ...                24              0.1819
5               0.13         5  ...                36              0.2075
6               0.13         5  ...                48              0.2284
7               0.13         5  ...                60              0.2558
8               0.13         7  ...                24              0.0295
9               0.13         7  ...                36              0.0467
10              0.13         7  ...                48              0.0570
11              0.13         7  ...                60              0.0787
12              0.13         7  ...                24              0.1547
13              0.13         7  ...                36              0.1689
14              0.13         7  ...                48              0.1713
15              0.13         7  ...                60              0.1944
16              0.13         9  ...                24              0.0138
17              0.13         9  ...                36              0.0194
18              0.13         9  ...                48              0.0241
19              0.13         9  ...                60              0.0341
20              0.13         9  ...                24              0.1364
21              0.13         9  ...                36              0.1536
22              0.13         9  ...                48              0.1476
23              0.13         9  ...                60              0.1495

[24 rows x 5 columns]
Completed: 1/24
Completed: 2/24
Completed: 3/24
Completed: 4/24
Completed: 5/24
Completed: 6/24
Completed: 7/24
Completed: 8/24
Completed: 9/24
Completed: 10/24
Completed: 11/24
Completed: 12/24
Completed: 13/24
Completed: 14/24
Completed: 15/24
Completed: 16/24
Completed: 17/24
Completed: 18/24
Completed: 19/24
Completed: 20/24
Completed: 21/24
Completed: 22/24
Completed: 23/24
Completed: 24/24
Time taken
322.53817796707153
Burst Error Rate
0.14
    Burst_Error_Rate  Distance  ...  Number_of_Rounds  Logical_Error_Rate
0               0.14         5  ...                24              0.0740
1               0.14         5  ...                36              0.1163
2               0.14         5  ...                48              0.1410
3               0.14         5  ...                60              0.1758
4               0.14         5  ...                24              0.1965
5               0.14         5  ...                36              0.2290
6               0.14         5  ...                48              0.2502
7               0.14         5  ...                60              0.2694
8               0.14         7  ...                24              0.0288
9               0.14         7  ...                36              0.0496
10              0.14         7  ...                48              0.0633
11              0.14         7  ...                60              0.0770
12              0.14         7  ...                24              0.1763
13              0.14         7  ...                36              0.1840
14              0.14         7  ...                48              0.2000
15              0.14         7  ...                60              0.2033
16              0.14         9  ...                24              0.0116
17              0.14         9  ...                36              0.0192
18              0.14         9  ...                48              0.0222
19              0.14         9  ...                60              0.0298
20              0.14         9  ...                24              0.1708
21              0.14         9  ...                36              0.1710
22              0.14         9  ...                48              0.1727
23              0.14         9  ...                60              0.1700

[24 rows x 5 columns]
Completed: 1/24
Completed: 2/24
Completed: 3/24
Completed: 4/24
Completed: 5/24
Completed: 6/24
Completed: 7/24
Completed: 8/24
Completed: 9/24
Completed: 10/24
Completed: 11/24
Completed: 12/24
Completed: 13/24
Completed: 14/24
Completed: 15/24
Completed: 16/24
Completed: 17/24
Completed: 18/24
Completed: 19/24
Completed: 20/24
Completed: 21/24
Completed: 22/24
Completed: 23/24
Completed: 24/24
Time taken
324.9519159793854
Burst Error Rate
0.15000000000000002
    Burst_Error_Rate  Distance  ...  Number_of_Rounds  Logical_Error_Rate
0               0.15         5  ...                24              0.0786
1               0.15         5  ...                36              0.1120
2               0.15         5  ...                48              0.1504
3               0.15         5  ...                60              0.1733
4               0.15         5  ...                24              0.2209
5               0.15         5  ...                36              0.2387
6               0.15         5  ...                48              0.2590
7               0.15         5  ...                60              0.2758
8               0.15         7  ...                24              0.0315
9               0.15         7  ...                36              0.0475
10              0.15         7  ...                48              0.0651
11              0.15         7  ...                60              0.0758
12              0.15         7  ...                24              0.1976
13              0.15         7  ...                36              0.2057
14              0.15         7  ...                48              0.2177
15              0.15         7  ...                60              0.2267
16              0.15         9  ...                24              0.0128
17              0.15         9  ...                36              0.0203
18              0.15         9  ...                48              0.0241
19              0.15         9  ...                60              0.0315
20              0.15         9  ...                24              0.1914
21              0.15         9  ...                36              0.1916
22              0.15         9  ...                48              0.2078
23              0.15         9  ...                60              0.2008

[24 rows x 5 columns]
Completed: 1/24
Completed: 2/24
Completed: 3/24
Completed: 4/24
Completed: 5/24
Completed: 6/24
Completed: 7/24
Completed: 8/24
Completed: 9/24
Completed: 10/24
Completed: 11/24
Completed: 12/24
Completed: 13/24
Completed: 14/24
Completed: 15/24
Completed: 16/24
Completed: 17/24
Completed: 18/24
Completed: 19/24
Completed: 20/24
Completed: 21/24
Completed: 22/24
Completed: 23/24
Completed: 24/24
Time taken
329.39048528671265
Burst Error Rate
0.16
    Burst_Error_Rate  Distance  ...  Number_of_Rounds  Logical_Error_Rate
0               0.16         5  ...                24              0.0796
1               0.16         5  ...                36              0.1135
2               0.16         5  ...                48              0.1479
3               0.16         5  ...                60              0.1739
4               0.16         5  ...                24              0.2304
5               0.16         5  ...                36              0.2526
6               0.16         5  ...                48              0.2747
7               0.16         5  ...                60              0.2829
8               0.16         7  ...                24              0.0317
9               0.16         7  ...                36              0.0491
10              0.16         7  ...                48              0.0596
11              0.16         7  ...                60              0.0789
12              0.16         7  ...                24              0.2205
13              0.16         7  ...                36              0.2251
14              0.16         7  ...                48              0.2364
15              0.16         7  ...                60              0.2476
16              0.16         9  ...                24              0.0137
17              0.16         9  ...                36              0.0174
18              0.16         9  ...                48              0.0261
19              0.16         9  ...                60              0.0340
20              0.16         9  ...                24              0.2136
21              0.16         9  ...                36              0.2186
22              0.16         9  ...                48              0.2172
23              0.16         9  ...                60              0.2242

[24 rows x 5 columns]
