Completed: 1/30
Completed: 2/30
Completed: 3/30
Completed: 4/30
Completed: 5/30
Completed: 6/30
Completed: 7/30
Completed: 8/30
Completed: 9/30
Completed: 10/30
Completed: 11/30
Completed: 12/30
Completed: 13/30
Completed: 14/30
Completed: 15/30
Completed: 16/30
Completed: 17/30
Completed: 18/30
Completed: 19/30
Completed: 20/30
Completed: 21/30
Completed: 22/30
Completed: 23/30
Completed: 24/30
Completed: 25/30
Completed: 26/30
Completed: 27/30
Completed: 28/30
Completed: 29/30
Completed: 30/30
Time taken
427.5601189136505
Burst Error Rate
0.13
    Burst_Error_Rate  Distance  ...  Number_of_Rounds  Logical_Error_Rate
0               0.13         3  ...                64              0.0625
1               0.13         3  ...                96              0.0977
2               0.13         3  ...               128              0.1240
3               0.13         3  ...               160              0.1407
4               0.13         3  ...               192              0.1714
5               0.13         3  ...                64              0.1555
6               0.13         3  ...                96              0.1772
7               0.13         3  ...               128              0.2014
8               0.13         3  ...               160              0.2216
9               0.13         3  ...               192              0.2390
10              0.13         5  ...                64              0.0080
11              0.13         5  ...                96              0.0125
12              0.13         5  ...               128              0.0201
13              0.13         5  ...               160              0.0216
14              0.13         5  ...               192              0.0258
15              0.13         5  ...                64              0.1117
16              0.13         5  ...                96              0.1127
17              0.13         5  ...               128              0.1189
18              0.13         5  ...               160              0.1224
19              0.13         5  ...               192              0.1218
20              0.13         7  ...                64              0.0007
21              0.13         7  ...                96              0.0019
22              0.13         7  ...               128              0.0025
23              0.13         7  ...               160              0.0019
24              0.13         7  ...               192              0.0035
25              0.13         7  ...                64              0.1026
26              0.13         7  ...                96              0.1045
27              0.13         7  ...               128              0.1033
28              0.13         7  ...               160              0.1050
29              0.13         7  ...               192              0.1065

[30 rows x 5 columns]
Completed: 1/30
Completed: 2/30
Completed: 3/30
Completed: 4/30
Completed: 5/30
Completed: 6/30
Completed: 7/30
Completed: 8/30
Completed: 9/30
Completed: 10/30
Completed: 11/30
Completed: 12/30
Completed: 13/30
Completed: 14/30
Completed: 15/30
Completed: 16/30
Completed: 17/30
Completed: 18/30
Completed: 19/30
Completed: 20/30
Completed: 21/30
Completed: 22/30
Completed: 23/30
Completed: 24/30
Completed: 25/30
Completed: 26/30
Completed: 27/30
Completed: 28/30
Completed: 29/30
Completed: 30/30
Time taken
432.1210129261017
Burst Error Rate
0.135
    Burst_Error_Rate  Distance  ...  Number_of_Rounds  Logical_Error_Rate
0              0.135         3  ...                64              0.0709
1              0.135         3  ...                96              0.0930
2              0.135         3  ...               128              0.1188
3              0.135         3  ...               160              0.1418
4              0.135         3  ...               192              0.1732
5              0.135         3  ...                64              0.1623
6              0.135         3  ...                96              0.1876
7              0.135         3  ...               128              0.1984
8              0.135         3  ...               160              0.2232
9              0.135         3  ...               192              0.2421
10             0.135         5  ...                64              0.0106
11             0.135         5  ...                96              0.0145
12             0.135         5  ...               128              0.0172
13             0.135         5  ...               160              0.0244
14             0.135         5  ...               192              0.0274
15             0.135         5  ...                64              0.1201
16             0.135         5  ...                96              0.1241
17             0.135         5  ...               128              0.1291
18             0.135         5  ...               160              0.1248
19             0.135         5  ...               192              0.1311
20             0.135         7  ...                64              0.0012
21             0.135         7  ...                96              0.0017
22             0.135         7  ...               128              0.0026
23             0.135         7  ...               160              0.0026
24             0.135         7  ...               192              0.0037
25             0.135         7  ...                64              0.1103
26             0.135         7  ...                96              0.1122
27             0.135         7  ...               128              0.1106
28             0.135         7  ...               160              0.1108
29             0.135         7  ...               192              0.1145

[30 rows x 5 columns]
Completed: 1/30
Completed: 2/30
Completed: 3/30
Completed: 4/30
Completed: 5/30
Completed: 6/30
Completed: 7/30
Completed: 8/30
Completed: 9/30
Completed: 10/30
Completed: 11/30
Completed: 12/30
Completed: 13/30
Completed: 14/30
Completed: 15/30
Completed: 16/30
Completed: 17/30
Completed: 18/30
Completed: 19/30
Completed: 20/30
Completed: 21/30
Completed: 22/30
Completed: 23/30
Completed: 24/30
Completed: 25/30
Completed: 26/30
Completed: 27/30
Completed: 28/30
Completed: 29/30
Completed: 30/30
Time taken
427.5276231765747
Burst Error Rate
0.14
    Burst_Error_Rate  Distance  ...  Number_of_Rounds  Logical_Error_Rate
0               0.14         3  ...                64              0.0660
1               0.14         3  ...                96              0.0959
2               0.14         3  ...               128              0.1221
3               0.14         3  ...               160              0.1462
4               0.14         3  ...               192              0.1736
5               0.14         3  ...                64              0.1645
6               0.14         3  ...                96              0.1852
7               0.14         3  ...               128              0.2005
8               0.14         3  ...               160              0.2250
9               0.14         3  ...               192              0.2471
10              0.14         5  ...                64              0.0096
11              0.14         5  ...                96              0.0123
12              0.14         5  ...               128              0.0193
13              0.14         5  ...               160              0.0223
14              0.14         5  ...               192              0.0260
15              0.14         5  ...                64              0.1274
16              0.14         5  ...                96              0.1299
17              0.14         5  ...               128              0.1399
18              0.14         5  ...               160              0.1387
19              0.14         5  ...               192              0.1374
20              0.14         7  ...                64              0.0010
21              0.14         7  ...                96              0.0006
22              0.14         7  ...               128              0.0020
23              0.14         7  ...               160              0.0033
24              0.14         7  ...               192              0.0028
25              0.14         7  ...                64              0.1173
26              0.14         7  ...                96              0.1112
27              0.14         7  ...               128              0.1189
28              0.14         7  ...               160              0.1326
29              0.14         7  ...               192              0.1324

[30 rows x 5 columns]
Completed: 1/30
Completed: 2/30
Completed: 3/30
Completed: 4/30
Completed: 5/30
Completed: 6/30
Completed: 7/30
Completed: 8/30
Completed: 9/30
Completed: 10/30
Completed: 11/30
Completed: 12/30
Completed: 13/30
Completed: 14/30
Completed: 15/30
Completed: 16/30
Completed: 17/30
Completed: 18/30
Completed: 19/30
Completed: 20/30
Completed: 21/30
Completed: 22/30
Completed: 23/30
Completed: 24/30
Completed: 25/30
Completed: 26/30
Completed: 27/30
Completed: 28/30
Completed: 29/30
Completed: 30/30
Time taken
431.95629143714905
Burst Error Rate
0.145
    Burst_Error_Rate  Distance  ...  Number_of_Rounds  Logical_Error_Rate
0              0.145         3  ...                64              0.0663
1              0.145         3  ...                96              0.0953
2              0.145         3  ...               128              0.1218
3              0.145         3  ...               160              0.1510
4              0.145         3  ...               192              0.1690
5              0.145         3  ...                64              0.1759
6              0.145         3  ...                96              0.2031
7              0.145         3  ...               128              0.2166
8              0.145         3  ...               160              0.2267
9              0.145         3  ...               192              0.2528
10             0.145         5  ...                64              0.0086
11             0.145         5  ...                96              0.0138
12             0.145         5  ...               128              0.0193
13             0.145         5  ...               160              0.0223
14             0.145         5  ...               192              0.0272
15             0.145         5  ...                64              0.1333
16             0.145         5  ...                96              0.1387
17             0.145         5  ...               128              0.1421
18             0.145         5  ...               160              0.1420
19             0.145         5  ...               192              0.1457
20             0.145         7  ...                64              0.0009
21             0.145         7  ...                96              0.0016
22             0.145         7  ...               128              0.0014
23             0.145         7  ...               160              0.0028
24             0.145         7  ...               192              0.0029
25             0.145         7  ...                64              0.1356
26             0.145         7  ...                96              0.1362
27             0.145         7  ...               128              0.1364
28             0.145         7  ...               160              0.1317
29             0.145         7  ...               192              0.1345

[30 rows x 5 columns]
Completed: 1/30
Completed: 2/30
Completed: 3/30
Completed: 4/30
Completed: 5/30
Completed: 6/30
Completed: 7/30
Completed: 8/30
Completed: 9/30
Completed: 10/30
Completed: 11/30
Completed: 12/30
Completed: 13/30
Completed: 14/30
Completed: 15/30
Completed: 16/30
Completed: 17/30
Completed: 18/30
Completed: 19/30
Completed: 20/30
Completed: 21/30
Completed: 22/30
Completed: 23/30
Completed: 24/30
Completed: 25/30
Completed: 26/30
Completed: 27/30
Completed: 28/30
Completed: 29/30
Completed: 30/30
Time taken
428.2679932117462
Burst Error Rate
0.15
    Burst_Error_Rate  Distance  ...  Number_of_Rounds  Logical_Error_Rate
0               0.15         3  ...                64              0.0656
1               0.15         3  ...                96              0.1002
2               0.15         3  ...               128              0.1175
3               0.15         3  ...               160              0.1522
4               0.15         3  ...               192              0.1681
5               0.15         3  ...                64              0.1736
6               0.15         3  ...                96              0.2034
7               0.15         3  ...               128              0.2122
8               0.15         3  ...               160              0.2367
9               0.15         3  ...               192              0.2575
10              0.15         5  ...                64              0.0103
11              0.15         5  ...                96              0.0151
12              0.15         5  ...               128              0.0195
13              0.15         5  ...               160              0.0247
14              0.15         5  ...               192              0.0267
15              0.15         5  ...                64              0.1499
16              0.15         5  ...                96              0.1412
17              0.15         5  ...               128              0.1549
18              0.15         5  ...               160              0.1535
19              0.15         5  ...               192              0.1547
20              0.15         7  ...                64              0.0010
21              0.15         7  ...                96              0.0015
22              0.15         7  ...               128              0.0020
23              0.15         7  ...               160              0.0024
24              0.15         7  ...               192              0.0042
25              0.15         7  ...                64              0.1447
26              0.15         7  ...                96              0.1441
27              0.15         7  ...               128              0.1410
28              0.15         7  ...               160              0.1462
29              0.15         7  ...               192              0.1489

[30 rows x 5 columns]
Completed: 1/30
Completed: 2/30
Completed: 3/30
Completed: 4/30
Completed: 5/30
Completed: 6/30
Completed: 7/30
Completed: 8/30
Completed: 9/30
Completed: 10/30
Completed: 11/30
Completed: 12/30
Completed: 13/30
Completed: 14/30
Completed: 15/30
Completed: 16/30
Completed: 17/30
Completed: 18/30
Completed: 19/30
Completed: 20/30
Completed: 21/30
Completed: 22/30
Completed: 23/30
Completed: 24/30
Completed: 25/30
Completed: 26/30
Completed: 27/30
Completed: 28/30
Completed: 29/30
Completed: 30/30
Time taken
430.6617147922516
Burst Error Rate
0.155
    Burst_Error_Rate  Distance  ...  Number_of_Rounds  Logical_Error_Rate
0              0.155         3  ...                64              0.0669
1              0.155         3  ...                96              0.0920
2              0.155         3  ...               128              0.1226
3              0.155         3  ...               160              0.1459
4              0.155         3  ...               192              0.1659
5              0.155         3  ...                64              0.1855
6              0.155         3  ...                96              0.2038
7              0.155         3  ...               128              0.2251
8              0.155         3  ...               160              0.2535
9              0.155         3  ...               192              0.2640
10             0.155         5  ...                64              0.0107
11             0.155         5  ...                96              0.0154
12             0.155         5  ...               128              0.0174
13             0.155         5  ...               160              0.0214
14             0.155         5  ...               192              0.0244
15             0.155         5  ...                64              0.1523
16             0.155         5  ...                96              0.1566
17             0.155         5  ...               128              0.1565
18             0.155         5  ...               160              0.1643
19             0.155         5  ...               192              0.1636
20             0.155         7  ...                64              0.0008
21             0.155         7  ...                96              0.0024
22             0.155         7  ...               128              0.0019
23             0.155         7  ...               160              0.0018
24             0.155         7  ...               192              0.0019
25             0.155         7  ...                64              0.1595
26             0.155         7  ...                96              0.1556
27             0.155         7  ...               128              0.1533
28             0.155         7  ...               160              0.1531
29             0.155         7  ...               192              0.1547

[30 rows x 5 columns]
Completed: 1/30
Completed: 2/30
Completed: 3/30
Completed: 4/30
Completed: 5/30
Completed: 6/30
Completed: 7/30
Completed: 8/30
Completed: 9/30
Completed: 10/30
Completed: 11/30
Completed: 12/30
Completed: 13/30
Completed: 14/30
Completed: 15/30
Completed: 16/30
Completed: 17/30
Completed: 18/30
Completed: 19/30
Completed: 20/30
Completed: 21/30
Completed: 22/30
Completed: 23/30
Completed: 24/30
Completed: 25/30
Completed: 26/30
Completed: 27/30
Completed: 28/30
Completed: 29/30
Completed: 30/30
Time taken
429.36552596092224
Burst Error Rate
0.16
    Burst_Error_Rate  Distance  ...  Number_of_Rounds  Logical_Error_Rate
0               0.16         3  ...                64              0.0635
1               0.16         3  ...                96              0.0983
2               0.16         3  ...               128              0.1197
3               0.16         3  ...               160              0.1481
4               0.16         3  ...               192              0.1665
5               0.16         3  ...                64              0.1888
6               0.16         3  ...                96              0.2085
7               0.16         3  ...               128              0.2283
8               0.16         3  ...               160              0.2481
9               0.16         3  ...               192              0.2659
10              0.16         5  ...                64              0.0094
11              0.16         5  ...                96              0.0139
12              0.16         5  ...               128              0.0186
13              0.16         5  ...               160              0.0262
14              0.16         5  ...               192              0.0269
15              0.16         5  ...                64              0.1638
16              0.16         5  ...                96              0.1571
17              0.16         5  ...               128              0.1691
18              0.16         5  ...               160              0.1674
19              0.16         5  ...               192              0.1777
20              0.16         7  ...                64              0.0007
21              0.16         7  ...                96              0.0020
22              0.16         7  ...               128              0.0024
23              0.16         7  ...               160              0.0029
24              0.16         7  ...               192              0.0027
25              0.16         7  ...                64              0.1724
26              0.16         7  ...                96              0.1585
27              0.16         7  ...               128              0.1599
28              0.16         7  ...               160              0.1716
29              0.16         7  ...               192              0.1685

[30 rows x 5 columns]
Completed: 1/30
Completed: 2/30
Completed: 3/30
Completed: 4/30
Completed: 5/30
Completed: 6/30
Completed: 7/30
Completed: 8/30
Completed: 9/30
Completed: 10/30
Completed: 11/30
Completed: 12/30
Completed: 13/30
Completed: 14/30
Completed: 15/30
Completed: 16/30
Completed: 17/30
Completed: 18/30
Completed: 19/30
Completed: 20/30
Completed: 21/30
Completed: 22/30
Completed: 23/30
Completed: 24/30
Completed: 25/30
Completed: 26/30
Completed: 27/30
Completed: 28/30
Completed: 29/30
Completed: 30/30
Time taken
431.44412565231323
Burst Error Rate
0.16499999999999998
    Burst_Error_Rate  Distance  ...  Number_of_Rounds  Logical_Error_Rate
0              0.165         3  ...                64              0.0588
1              0.165         3  ...                96              0.0971
2              0.165         3  ...               128              0.1272
3              0.165         3  ...               160              0.1477
4              0.165         3  ...               192              0.1673
5              0.165         3  ...                64              0.2006
6              0.165         3  ...                96              0.2213
7              0.165         3  ...               128              0.2243
8              0.165         3  ...               160              0.2534
9              0.165         3  ...               192              0.2680
10             0.165         5  ...                64              0.0101
11             0.165         5  ...                96              0.0162
12             0.165         5  ...               128              0.0184
13             0.165         5  ...               160              0.0241
14             0.165         5  ...               192              0.0255
15             0.165         5  ...                64              0.1716
16             0.165         5  ...                96              0.1713
17             0.165         5  ...               128              0.1764
18             0.165         5  ...               160              0.1860
19             0.165         5  ...               192              0.1848
20             0.165         7  ...                64              0.0015
21             0.165         7  ...                96              0.0018
22             0.165         7  ...               128              0.0016
23             0.165         7  ...               160              0.0034
24             0.165         7  ...               192              0.0030
25             0.165         7  ...                64              0.1790
26             0.165         7  ...                96              0.1805
27             0.165         7  ...               128              0.1780
28             0.165         7  ...               160              0.1705
29             0.165         7  ...               192              0.1813

[30 rows x 5 columns]
Completed: 1/30
Completed: 2/30
Completed: 3/30
Completed: 4/30
Completed: 5/30
Completed: 6/30
Completed: 7/30
Completed: 8/30
Completed: 9/30
Completed: 10/30
Completed: 11/30
Completed: 12/30
Completed: 13/30
Completed: 14/30
Completed: 15/30
Completed: 16/30
Completed: 17/30
Completed: 18/30
Completed: 19/30
Completed: 20/30
Completed: 21/30
Completed: 22/30
Completed: 23/30
Completed: 24/30
Completed: 25/30
Completed: 26/30
Completed: 27/30
Completed: 28/30
Completed: 29/30
Completed: 30/30
Time taken
429.2219696044922
Burst Error Rate
0.16999999999999998
    Burst_Error_Rate  Distance  ...  Number_of_Rounds  Logical_Error_Rate
0               0.17         3  ...                64              0.0638
1               0.17         3  ...                96              0.0980
2               0.17         3  ...               128              0.1231
3               0.17         3  ...               160              0.1494
4               0.17         3  ...               192              0.1655
5               0.17         3  ...                64              0.1976
6               0.17         3  ...                96              0.2179
7               0.17         3  ...               128              0.2402
8               0.17         3  ...               160              0.2581
9               0.17         3  ...               192              0.2712
10              0.17         5  ...                64              0.0072
11              0.17         5  ...                96              0.0145
12              0.17         5  ...               128              0.0150
13              0.17         5  ...               160              0.0203
14              0.17         5  ...               192              0.0290
15              0.17         5  ...                64              0.1801
16              0.17         5  ...                96              0.1809
17              0.17         5  ...               128              0.1852
18              0.17         5  ...               160              0.1944
19              0.17         5  ...               192              0.1993
20              0.17         7  ...                64              0.0010
21              0.17         7  ...                96              0.0014
22              0.17         7  ...               128              0.0022
23              0.17         7  ...               160              0.0030
24              0.17         7  ...               192              0.0031
25              0.17         7  ...                64              0.1889
26              0.17         7  ...                96              0.1863
27              0.17         7  ...               128              0.1847
28              0.17         7  ...               160              0.1838
29              0.17         7  ...               192              0.1881

[30 rows x 5 columns]
Completed: 1/30
Completed: 2/30
Completed: 3/30
Completed: 4/30
Completed: 5/30
Completed: 6/30
Completed: 7/30
Completed: 8/30
Completed: 9/30
Completed: 10/30
Completed: 11/30
Completed: 12/30
Completed: 13/30
Completed: 14/30
Completed: 15/30
Completed: 16/30
Completed: 17/30
Completed: 18/30
Completed: 19/30
Completed: 20/30
Completed: 21/30
Completed: 22/30
Completed: 23/30
Completed: 24/30
Completed: 25/30
Completed: 26/30
Completed: 27/30
Completed: 28/30
Completed: 29/30
Completed: 30/30
Time taken
432.11782693862915
Burst Error Rate
0.175
    Burst_Error_Rate  Distance  ...  Number_of_Rounds  Logical_Error_Rate
0              0.175         3  ...                64              0.0655
1              0.175         3  ...                96              0.0921
2              0.175         3  ...               128              0.1235
3              0.175         3  ...               160              0.1473
4              0.175         3  ...               192              0.1737
5              0.175         3  ...                64              0.2091
6              0.175         3  ...                96              0.2342
7              0.175         3  ...               128              0.2385
8              0.175         3  ...               160              0.2699
9              0.175         3  ...               192              0.2748
10             0.175         5  ...                64              0.0081
11             0.175         5  ...                96              0.0134
12             0.175         5  ...               128              0.0173
13             0.175         5  ...               160              0.0222
14             0.175         5  ...               192              0.0241
15             0.175         5  ...                64              0.1931
16             0.175         5  ...                96              0.1956
17             0.175         5  ...               128              0.1900
18             0.175         5  ...               160              0.1912
19             0.175         5  ...               192              0.1971
20             0.175         7  ...                64              0.0013
21             0.175         7  ...                96              0.0016
22             0.175         7  ...               128              0.0018
23             0.175         7  ...               160              0.0023
24             0.175         7  ...               192              0.0026
25             0.175         7  ...                64              0.1955
26             0.175         7  ...                96              0.2013
27             0.175         7  ...               128              0.2008
28             0.175         7  ...               160              0.2056
29             0.175         7  ...               192              0.2001

[30 rows x 5 columns]
