Completed: 1/42
Completed: 2/42
Completed: 3/42
Completed: 4/42
Completed: 5/42
Completed: 6/42
Completed: 7/42
Completed: 8/42
Completed: 9/42
Completed: 10/42
Completed: 11/42
Completed: 12/42
Completed: 13/42
Completed: 14/42
Completed: 15/42
Completed: 16/42
Completed: 17/42
Completed: 18/42
Completed: 19/42
Completed: 20/42
Completed: 21/42
Completed: 22/42
Completed: 23/42
Completed: 24/42
Completed: 25/42
Completed: 26/42
Completed: 27/42
Completed: 28/42
Completed: 29/42
Completed: 30/42
Completed: 31/42
Completed: 32/42
Completed: 33/42
Completed: 34/42
Completed: 35/42
Completed: 36/42
Completed: 37/42
Completed: 38/42
Completed: 39/42
Completed: 40/42
Completed: 41/42
Completed: 42/42
Time taken
2751.7537472248077
Burst Error Rate
0.08
    Burst_Error_Rate  Distance  ...  Number_of_Rounds  Logical_Error_Rate
0               0.08         3  ...                40             0.25685
1               0.08         3  ...                48             0.28901
2               0.08         3  ...                56             0.32045
3               0.08         3  ...                64             0.34064
4               0.08         3  ...                72             0.36286
5               0.08         3  ...                80             0.38083
6               0.08         3  ...                88             0.39565
7               0.08         3  ...                40             0.28286
8               0.08         3  ...                48             0.30880
9               0.08         3  ...                56             0.33596
10              0.08         3  ...                64             0.35671
11              0.08         3  ...                72             0.37686
12              0.08         3  ...                80             0.39307
13              0.08         3  ...                88             0.40745
14              0.08         5  ...                40             0.12481
15              0.08         5  ...                48             0.14181
16              0.08         5  ...                56             0.16315
17              0.08         5  ...                64             0.18245
18              0.08         5  ...                72             0.19997
19              0.08         5  ...                80             0.21915
20              0.08         5  ...                88             0.23328
21              0.08         5  ...                40             0.16140
22              0.08         5  ...                48             0.18199
23              0.08         5  ...                56             0.19658
24              0.08         5  ...                64             0.21577
25              0.08         5  ...                72             0.22989
26              0.08         5  ...                80             0.24704
27              0.08         5  ...                88             0.25821
28              0.08         7  ...                40             0.05137
29              0.08         7  ...                48             0.06299
30              0.08         7  ...                56             0.07221
31              0.08         7  ...                64             0.08165
32              0.08         7  ...                72             0.09116
33              0.08         7  ...                80             0.09916
34              0.08         7  ...                88             0.10789
35              0.08         7  ...                40             0.08981
36              0.08         7  ...                48             0.09832
37              0.08         7  ...                56             0.10794
38              0.08         7  ...                64             0.11614
39              0.08         7  ...                72             0.12530
40              0.08         7  ...                80             0.13257
41              0.08         7  ...                88             0.14120

[42 rows x 5 columns]
Completed: 1/42
Completed: 2/42
Completed: 3/42
Completed: 4/42
Completed: 5/42
Completed: 6/42
Completed: 7/42
Completed: 8/42
Completed: 9/42
Completed: 10/42
Completed: 11/42
Completed: 12/42
Completed: 13/42
Completed: 14/42
Completed: 15/42
Completed: 16/42
Completed: 17/42
Completed: 18/42
Completed: 19/42
Completed: 20/42
Completed: 21/42
Completed: 22/42
Completed: 23/42
Completed: 24/42
Completed: 25/42
Completed: 26/42
Completed: 27/42
Completed: 28/42
Completed: 29/42
Completed: 30/42
Completed: 31/42
Completed: 32/42
Completed: 33/42
Completed: 34/42
Completed: 35/42
Completed: 36/42
Completed: 37/42
Completed: 38/42
Completed: 39/42
Completed: 40/42
Completed: 41/42
Completed: 42/42
Time taken
2627.0489740371704
Burst Error Rate
0.08888888888888889
    Burst_Error_Rate  Distance  ...  Number_of_Rounds  Logical_Error_Rate
0           0.088889         3  ...                40             0.25739
1           0.088889         3  ...                48             0.28848
2           0.088889         3  ...                56             0.31648
3           0.088889         3  ...                64             0.34106
4           0.088889         3  ...                72             0.36170
5           0.088889         3  ...                80             0.37904
6           0.088889         3  ...                88             0.39828
7           0.088889         3  ...                40             0.28747
8           0.088889         3  ...                48             0.31701
9           0.088889         3  ...                56             0.34015
10          0.088889         3  ...                64             0.35983
11          0.088889         3  ...                72             0.37815
12          0.088889         3  ...                80             0.39348
13          0.088889         3  ...                88             0.40768
14          0.088889         5  ...                40             0.12092
15          0.088889         5  ...                48             0.14493
16          0.088889         5  ...                56             0.16441
17          0.088889         5  ...                64             0.18173
18          0.088889         5  ...                72             0.19950
19          0.088889         5  ...                80             0.21473
20          0.088889         5  ...                88             0.23211
21          0.088889         5  ...                40             0.16958
22          0.088889         5  ...                48             0.19003
23          0.088889         5  ...                56             0.20551
24          0.088889         5  ...                64             0.22294
25          0.088889         5  ...                72             0.23561
26          0.088889         5  ...                80             0.25231
27          0.088889         5  ...                88             0.26493
28          0.088889         7  ...                40             0.05202
29          0.088889         7  ...                48             0.06222
30          0.088889         7  ...                56             0.07068
31          0.088889         7  ...                64             0.08165
32          0.088889         7  ...                72             0.08874
33          0.088889         7  ...                80             0.09739
34          0.088889         7  ...                88             0.10876
35          0.088889         7  ...                40             0.10232
36          0.088889         7  ...                48             0.11119
37          0.088889         7  ...                56             0.11597
38          0.088889         7  ...                64             0.12758
39          0.088889         7  ...                72             0.13420
40          0.088889         7  ...                80             0.14365
41          0.088889         7  ...                88             0.15032

[42 rows x 5 columns]
Completed: 1/42
Completed: 2/42
Completed: 3/42
Completed: 4/42
Completed: 5/42
Completed: 6/42
Completed: 7/42
Completed: 8/42
Completed: 9/42
Completed: 10/42
Completed: 11/42
Completed: 12/42
Completed: 13/42
Completed: 14/42
Completed: 15/42
Completed: 16/42
Completed: 17/42
Completed: 18/42
Completed: 19/42
Completed: 20/42
Completed: 21/42
Completed: 22/42
Completed: 23/42
Completed: 24/42
Completed: 25/42
Completed: 26/42
Completed: 27/42
Completed: 28/42
Completed: 29/42
Completed: 30/42
Completed: 31/42
Completed: 32/42
Completed: 33/42
Completed: 34/42
Completed: 35/42
Completed: 36/42
Completed: 37/42
Completed: 38/42
Completed: 39/42
Completed: 40/42
Completed: 41/42
Completed: 42/42
Time taken
2762.2854278087616
Burst Error Rate
0.09777777777777778
    Burst_Error_Rate  Distance  ...  Number_of_Rounds  Logical_Error_Rate
0           0.097778         3  ...                40             0.25339
1           0.097778         3  ...                48             0.28895
2           0.097778         3  ...                56             0.31499
3           0.097778         3  ...                64             0.33754
4           0.097778         3  ...                72             0.36140
5           0.097778         3  ...                80             0.38069
6           0.097778         3  ...                88             0.39586
7           0.097778         3  ...                40             0.29255
8           0.097778         3  ...                48             0.31963
9           0.097778         3  ...                56             0.34203
10          0.097778         3  ...                64             0.36481
11          0.097778         3  ...                72             0.38173
12          0.097778         3  ...                80             0.39953
13          0.097778         3  ...                88             0.41026
14          0.097778         5  ...                40             0.12311
15          0.097778         5  ...                48             0.14531
16          0.097778         5  ...                56             0.16315
17          0.097778         5  ...                64             0.18221
18          0.097778         5  ...                72             0.19956
19          0.097778         5  ...                80             0.21546
20          0.097778         5  ...                88             0.23059
21          0.097778         5  ...                40             0.18027
22          0.097778         5  ...                48             0.19855
23          0.097778         5  ...                56             0.21496
24          0.097778         5  ...                64             0.23068
25          0.097778         5  ...                72             0.24557
26          0.097778         5  ...                80             0.25678
27          0.097778         5  ...                88             0.27000
28          0.097778         7  ...                40             0.05071
29          0.097778         7  ...                48             0.06121
30          0.097778         7  ...                56             0.07121
31          0.097778         7  ...                64             0.08136
32          0.097778         7  ...                72             0.08902
33          0.097778         7  ...                80             0.09873
34          0.097778         7  ...                88             0.10791
35          0.097778         7  ...                40             0.11403
36          0.097778         7  ...                48             0.12235
37          0.097778         7  ...                56             0.13046
38          0.097778         7  ...                64             0.13954
39          0.097778         7  ...                72             0.14510
40          0.097778         7  ...                80             0.15334
41          0.097778         7  ...                88             0.15928

[42 rows x 5 columns]
Completed: 1/42
Completed: 2/42
Completed: 3/42
Completed: 4/42
Completed: 5/42
Completed: 6/42
Completed: 7/42
Completed: 8/42
Completed: 9/42
Completed: 10/42
Completed: 11/42
Completed: 12/42
Completed: 13/42
Completed: 14/42
Completed: 15/42
Completed: 16/42
Completed: 17/42
Completed: 18/42
Completed: 19/42
Completed: 20/42
Completed: 21/42
Completed: 22/42
Completed: 23/42
Completed: 24/42
Completed: 25/42
Completed: 26/42
Completed: 27/42
Completed: 28/42
Completed: 29/42
Completed: 30/42
Completed: 31/42
Completed: 32/42
Completed: 33/42
Completed: 34/42
Completed: 35/42
Completed: 36/42
Completed: 37/42
Completed: 38/42
Completed: 39/42
Completed: 40/42
Completed: 41/42
Completed: 42/42
Time taken
2803.6614446640015
Burst Error Rate
0.10666666666666666
    Burst_Error_Rate  Distance  ...  Number_of_Rounds  Logical_Error_Rate
0           0.106667         3  ...                40             0.25806
1           0.106667         3  ...                48             0.29053
2           0.106667         3  ...                56             0.31608
3           0.106667         3  ...                64             0.33976
4           0.106667         3  ...                72             0.36073
5           0.106667         3  ...                80             0.38278
6           0.106667         3  ...                88             0.39812
7           0.106667         3  ...                40             0.29592
8           0.106667         3  ...                48             0.32312
9           0.106667         3  ...                56             0.34918
10          0.106667         3  ...                64             0.36989
11          0.106667         3  ...                72             0.38455
12          0.106667         3  ...                80             0.39879
13          0.106667         3  ...                88             0.41189
14          0.106667         5  ...                40             0.12165
15          0.106667         5  ...                48             0.14441
16          0.106667         5  ...                56             0.16155
17          0.106667         5  ...                64             0.18188
18          0.106667         5  ...                72             0.20086
19          0.106667         5  ...                80             0.21622
20          0.106667         5  ...                88             0.23266
21          0.106667         5  ...                40             0.19018
22          0.106667         5  ...                48             0.20754
23          0.106667         5  ...                56             0.22025
24          0.106667         5  ...                64             0.23808
25          0.106667         5  ...                72             0.25479
26          0.106667         5  ...                80             0.26828
27          0.106667         5  ...                88             0.27960
28          0.106667         7  ...                40             0.05288
29          0.106667         7  ...                48             0.06225
30          0.106667         7  ...                56             0.07085
31          0.106667         7  ...                64             0.08003
32          0.106667         7  ...                72             0.09032
33          0.106667         7  ...                80             0.09875
34          0.106667         7  ...                88             0.10483
35          0.106667         7  ...                40             0.12825
36          0.106667         7  ...                48             0.13689
37          0.106667         7  ...                56             0.14414
38          0.106667         7  ...                64             0.14985
39          0.106667         7  ...                72             0.15897
40          0.106667         7  ...                80             0.16510
41          0.106667         7  ...                88             0.17214

[42 rows x 5 columns]
Completed: 1/42
Completed: 2/42
Completed: 3/42
Completed: 4/42
Completed: 5/42
Completed: 6/42
Completed: 7/42
Completed: 8/42
Completed: 9/42
Completed: 10/42
Completed: 11/42
Completed: 12/42
Completed: 13/42
Completed: 14/42
Completed: 15/42
Completed: 16/42
Completed: 17/42
Completed: 18/42
Completed: 19/42
Completed: 20/42
Completed: 21/42
Completed: 22/42
Completed: 23/42
Completed: 24/42
Completed: 25/42
Completed: 26/42
Completed: 27/42
Completed: 28/42
Completed: 29/42
Completed: 30/42
Completed: 31/42
Completed: 32/42
Completed: 33/42
Completed: 34/42
Completed: 35/42
Completed: 36/42
Completed: 37/42
Completed: 38/42
Completed: 39/42
Completed: 40/42
Completed: 41/42
Completed: 42/42
Time taken
2799.02845287323
Burst Error Rate
0.11555555555555555
    Burst_Error_Rate  Distance  ...  Number_of_Rounds  Logical_Error_Rate
0           0.115556         3  ...                40             0.25620
1           0.115556         3  ...                48             0.29088
2           0.115556         3  ...                56             0.31673
3           0.115556         3  ...                64             0.34191
4           0.115556         3  ...                72             0.36831
5           0.115556         3  ...                80             0.38140
6           0.115556         3  ...                88             0.39981
7           0.115556         3  ...                40             0.30342
8           0.115556         3  ...                48             0.33094
9           0.115556         3  ...                56             0.34848
10          0.115556         3  ...                64             0.37012
11          0.115556         3  ...                72             0.39023
12          0.115556         3  ...                80             0.40641
13          0.115556         3  ...                88             0.41706
14          0.115556         5  ...                40             0.12373
15          0.115556         5  ...                48             0.14398
16          0.115556         5  ...                56             0.16246
17          0.115556         5  ...                64             0.18360
18          0.115556         5  ...                72             0.19786
19          0.115556         5  ...                80             0.21562
20          0.115556         5  ...                88             0.23323
21          0.115556         5  ...                40             0.20012
22          0.115556         5  ...                48             0.21920
23          0.115556         5  ...                56             0.23125
24          0.115556         5  ...                64             0.24944
25          0.115556         5  ...                72             0.26065
26          0.115556         5  ...                80             0.27567
27          0.115556         5  ...                88             0.28709
28          0.115556         7  ...                40             0.05292
29          0.115556         7  ...                48             0.06123
30          0.115556         7  ...                56             0.07010
31          0.115556         7  ...                64             0.07992
32          0.115556         7  ...                72             0.09038
33          0.115556         7  ...                80             0.09712
34          0.115556         7  ...                88             0.10881
35          0.115556         7  ...                40             0.14264
36          0.115556         7  ...                48             0.14954
37          0.115556         7  ...                56             0.15650
38          0.115556         7  ...                64             0.16467
39          0.115556         7  ...                72             0.17332
40          0.115556         7  ...                80             0.17939
41          0.115556         7  ...                88             0.18634

[42 rows x 5 columns]
Completed: 1/42
Completed: 2/42
Completed: 3/42
Completed: 4/42
Completed: 5/42
Completed: 6/42
Completed: 7/42
Completed: 8/42
Completed: 9/42
Completed: 10/42
Completed: 11/42
Completed: 12/42
Completed: 13/42
Completed: 14/42
Completed: 15/42
Completed: 16/42
Completed: 17/42
Completed: 18/42
Completed: 19/42
Completed: 20/42
Completed: 21/42
Completed: 22/42
Completed: 23/42
Completed: 24/42
Completed: 25/42
Completed: 26/42
Completed: 27/42
Completed: 28/42
Completed: 29/42
Completed: 30/42
Completed: 31/42
Completed: 32/42
Completed: 33/42
Completed: 34/42
