Completed: 1/16
Completed: 2/16
Completed: 3/16
Completed: 4/16
Completed: 5/16
Completed: 6/16
Completed: 7/16
Completed: 8/16
Completed: 9/16
Completed: 10/16
Completed: 11/16
Completed: 12/16
Completed: 13/16
Completed: 14/16
Completed: 15/16
Completed: 16/16
Time taken
2987.778894662857
Burst Error Rate
0.08
    Burst_Error_Rate  Distance  ...  Number_of_Rounds  Logical_Error_Rate
0               0.08        11  ...                24              0.0052
1               0.08        11  ...                36              0.0063
2               0.08        11  ...                48              0.0081
3               0.08        11  ...                60              0.0132
4               0.08        11  ...                24              0.0297
5               0.08        11  ...                36              0.0338
6               0.08        11  ...                48              0.0364
7               0.08        11  ...                60              0.0397
8               0.08        13  ...                24              0.0028
9               0.08        13  ...                36              0.0031
10              0.08        13  ...                48              0.0042
11              0.08        13  ...                60              0.0047
12              0.08        13  ...                24              0.0236
13              0.08        13  ...                36              0.0245
14              0.08        13  ...                48              0.0253
15              0.08        13  ...                60              0.0272

[16 rows x 5 columns]
Completed: 1/16
Completed: 2/16
Completed: 3/16
Completed: 4/16
Completed: 5/16
Completed: 6/16
Completed: 7/16
Completed: 8/16
Completed: 9/16
Completed: 10/16
Completed: 11/16
Completed: 12/16
Completed: 13/16
Completed: 14/16
Completed: 15/16
Completed: 16/16
Time taken
2884.858293771744
Burst Error Rate
0.09
    Burst_Error_Rate  Distance  ...  Number_of_Rounds  Logical_Error_Rate
0               0.09        11  ...                24              0.0063
1               0.09        11  ...                36              0.0074
2               0.09        11  ...                48              0.0096
3               0.09        11  ...                60              0.0142
4               0.09        11  ...                24              0.0446
5               0.09        11  ...                36              0.0499
6               0.09        11  ...                48              0.0492
7               0.09        11  ...                60              0.0503
8               0.09        13  ...                24              0.0024
9               0.09        13  ...                36              0.0035
10              0.09        13  ...                48              0.0036
11              0.09        13  ...                60              0.0049
12              0.09        13  ...                24              0.0391
13              0.09        13  ...                36              0.0341
14              0.09        13  ...                48              0.0384
15              0.09        13  ...                60              0.0393

[16 rows x 5 columns]
Completed: 1/16
Completed: 2/16
Completed: 3/16
Completed: 4/16
Completed: 5/16
Completed: 6/16
Completed: 7/16
Completed: 8/16
Completed: 9/16
Completed: 10/16
Completed: 11/16
Completed: 12/16
Completed: 13/16
Completed: 14/16
Completed: 15/16
Completed: 16/16
Time taken
2936.85834813118
Burst Error Rate
0.1
    Burst_Error_Rate  Distance  ...  Number_of_Rounds  Logical_Error_Rate
0                0.1        11  ...                24              0.0051
1                0.1        11  ...                36              0.0086
2                0.1        11  ...                48              0.0097
3                0.1        11  ...                60              0.0120
4                0.1        11  ...                24              0.0627
5                0.1        11  ...                36              0.0626
6                0.1        11  ...                48              0.0638
7                0.1        11  ...                60              0.0689
8                0.1        13  ...                24              0.0017
9                0.1        13  ...                36              0.0029
10               0.1        13  ...                48              0.0046
11               0.1        13  ...                60              0.0047
12               0.1        13  ...                24              0.0515
13               0.1        13  ...                36              0.0509
14               0.1        13  ...                48              0.0533
15               0.1        13  ...                60              0.0563

[16 rows x 5 columns]
Completed: 1/16
Completed: 2/16
Completed: 3/16
Completed: 4/16
Completed: 5/16
Completed: 6/16
Completed: 7/16
Completed: 8/16
Completed: 9/16
Completed: 10/16
Completed: 11/16
Completed: 12/16
Completed: 13/16
Completed: 14/16
Completed: 15/16
Completed: 16/16
Time taken
2754.5694851875305
Burst Error Rate
0.11
    Burst_Error_Rate  Distance  ...  Number_of_Rounds  Logical_Error_Rate
0               0.11        11  ...                24              0.0056
1               0.11        11  ...                36              0.0080
2               0.11        11  ...                48              0.0096
3               0.11        11  ...                60              0.0139
4               0.11        11  ...                24              0.0803
5               0.11        11  ...                36              0.0866
6               0.11        11  ...                48              0.0860
7               0.11        11  ...                60              0.0907
8               0.11        13  ...                24              0.0015
9               0.11        13  ...                36              0.0023
10              0.11        13  ...                48              0.0035
11              0.11        13  ...                60              0.0067
12              0.11        13  ...                24              0.0711
13              0.11        13  ...                36              0.0763
14              0.11        13  ...                48              0.0751
15              0.11        13  ...                60              0.0712

[16 rows x 5 columns]
Completed: 1/16
Completed: 2/16
Completed: 3/16
Completed: 4/16
Completed: 5/16
Completed: 6/16
Completed: 7/16
Completed: 8/16
Completed: 9/16
Completed: 10/16
Completed: 11/16
Completed: 12/16
Completed: 13/16
Completed: 14/16
Completed: 15/16
Completed: 16/16
Time taken
3013.000622034073
Burst Error Rate
0.12
    Burst_Error_Rate  Distance  ...  Number_of_Rounds  Logical_Error_Rate
0               0.12        11  ...                24              0.0057
1               0.12        11  ...                36              0.0081
2               0.12        11  ...                48              0.0098
3               0.12        11  ...                60              0.0105
4               0.12        11  ...                24              0.1072
5               0.12        11  ...                36              0.1105
6               0.12        11  ...                48              0.1085
7               0.12        11  ...                60              0.1076
8               0.12        13  ...                24              0.0026
9               0.12        13  ...                36              0.0023
10              0.12        13  ...                48              0.0040
11              0.12        13  ...                60              0.0043
12              0.12        13  ...                24              0.0978
13              0.12        13  ...                36              0.1000
14              0.12        13  ...                48              0.0949
15              0.12        13  ...                60              0.0971

[16 rows x 5 columns]
Completed: 1/16
Completed: 2/16
Completed: 3/16
Completed: 4/16
Completed: 5/16
Completed: 6/16
Completed: 7/16
Completed: 8/16
Completed: 9/16
Completed: 10/16
Completed: 11/16
Completed: 12/16
Completed: 13/16
Completed: 14/16
Completed: 15/16
Completed: 16/16
Time taken
2802.617838382721
Burst Error Rate
0.13
    Burst_Error_Rate  Distance  ...  Number_of_Rounds  Logical_Error_Rate
0               0.13        11  ...                24              0.0052
1               0.13        11  ...                36              0.0064
2               0.13        11  ...                48              0.0102
3               0.13        11  ...                60              0.0131
4               0.13        11  ...                24              0.1303
5               0.13        11  ...                36              0.1322
6               0.13        11  ...                48              0.1345
7               0.13        11  ...                60              0.1487
8               0.13        13  ...                24              0.0018
9               0.13        13  ...                36              0.0035
10              0.13        13  ...                48              0.0047
11              0.13        13  ...                60              0.0045
12              0.13        13  ...                24              0.1247
13              0.13        13  ...                36              0.1252
14              0.13        13  ...                48              0.1335
15              0.13        13  ...                60              0.1302

[16 rows x 5 columns]
Completed: 1/16
Completed: 2/16
Completed: 3/16
Completed: 4/16
Completed: 5/16
Completed: 6/16
Completed: 7/16
Completed: 8/16
Completed: 9/16
Completed: 10/16
Completed: 11/16
Completed: 12/16
Completed: 13/16
Completed: 14/16
Completed: 15/16
Completed: 16/16
Time taken
2861.1682679653168
Burst Error Rate
0.14
    Burst_Error_Rate  Distance  ...  Number_of_Rounds  Logical_Error_Rate
0               0.14        11  ...                24              0.0046
1               0.14        11  ...                36              0.0072
2               0.14        11  ...                48              0.0097
3               0.14        11  ...                60              0.0128
4               0.14        11  ...                24              0.1600
5               0.14        11  ...                36              0.1708
6               0.14        11  ...                48              0.1633
7               0.14        11  ...                60              0.1653
8               0.14        13  ...                24              0.0025
9               0.14        13  ...                36              0.0031
10              0.14        13  ...                48              0.0028
11              0.14        13  ...                60              0.0071
12              0.14        13  ...                24              0.1607
13              0.14        13  ...                36              0.1640
14              0.14        13  ...                48              0.1607
15              0.14        13  ...                60              0.1574

[16 rows x 5 columns]
Completed: 1/16
Completed: 2/16
Completed: 3/16
Completed: 4/16
Completed: 5/16
Completed: 6/16
Completed: 7/16
Completed: 8/16
Completed: 9/16
Completed: 10/16
Completed: 11/16
Completed: 12/16
Completed: 13/16
Completed: 14/16
Completed: 15/16
Completed: 16/16
Time taken
2890.878347635269
Burst Error Rate
0.15000000000000002
    Burst_Error_Rate  Distance  ...  Number_of_Rounds  Logical_Error_Rate
0               0.15        11  ...                24              0.0044
1               0.15        11  ...                36              0.0064
2               0.15        11  ...                48              0.0110
3               0.15        11  ...                60              0.0114
4               0.15        11  ...                24              0.1908
5               0.15        11  ...                36              0.1879
6               0.15        11  ...                48              0.1861
7               0.15        11  ...                60              0.1970
8               0.15        13  ...                24              0.0028
9               0.15        13  ...                36              0.0027
10              0.15        13  ...                48              0.0033
11              0.15        13  ...                60              0.0050
12              0.15        13  ...                24              0.1954
13              0.15        13  ...                36              0.1855
14              0.15        13  ...                48              0.1962
15              0.15        13  ...                60              0.2012

[16 rows x 5 columns]
Completed: 1/16
Completed: 2/16
Completed: 3/16
Completed: 4/16
Completed: 5/16
Completed: 6/16
Completed: 7/16
Completed: 8/16
Completed: 9/16
Completed: 10/16
Completed: 11/16
Completed: 12/16
Completed: 13/16
Completed: 14/16
Completed: 15/16
Completed: 16/16
Time taken
2925.8127443790436
Burst Error Rate
0.16
    Burst_Error_Rate  Distance  ...  Number_of_Rounds  Logical_Error_Rate
0               0.16        11  ...                24              0.0039
1               0.16        11  ...                36              0.0074
2               0.16        11  ...                48              0.0095
3               0.16        11  ...                60              0.0138
4               0.16        11  ...                24              0.2219
5               0.16        11  ...                36              0.2133
6               0.16        11  ...                48              0.2188
7               0.16        11  ...                60              0.2260
8               0.16        13  ...                24              0.0023
9               0.16        13  ...                36              0.0030
10              0.16        13  ...                48              0.0049
11              0.16        13  ...                60              0.0047
12              0.16        13  ...                24              0.2228
13              0.16        13  ...                36              0.2232
14              0.16        13  ...                48              0.2237
15              0.16        13  ...                60              0.2303

[16 rows x 5 columns]
