Completed: 1/30
Completed: 2/30
Completed: 3/30
Completed: 4/30
Completed: 5/30
Completed: 6/30
Completed: 7/30
Completed: 8/30
Completed: 9/30
Completed: 10/30
Completed: 11/30
Completed: 12/30
Completed: 13/30
Completed: 14/30
Completed: 15/30
Completed: 16/30
Completed: 17/30
Completed: 18/30
Completed: 19/30
Completed: 20/30
Completed: 21/30
Completed: 22/30
Completed: 23/30
Completed: 24/30
Completed: 25/30
Completed: 26/30
Completed: 27/30
Completed: 28/30
Completed: 29/30
Completed: 30/30
Time taken
931.8302993774414
Burst Error Rate
0.11
    Burst_Error_Rate  Distance  ...  Number_of_Rounds  Logical_Error_Rate
0               0.11         3  ...                64             0.04854
1               0.11         3  ...                96             0.06821
2               0.11         3  ...               128             0.09052
3               0.11         3  ...               160             0.11178
4               0.11         3  ...               192             0.13033
5               0.11         3  ...                64             0.13034
6               0.11         3  ...                96             0.14855
7               0.11         3  ...               128             0.16437
8               0.11         3  ...               160             0.18108
9               0.11         3  ...               192             0.19608
10              0.11         5  ...                64             0.00522
11              0.11         5  ...                96             0.00796
12              0.11         5  ...               128             0.01072
13              0.11         5  ...               160             0.01319
14              0.11         5  ...               192             0.01552
15              0.11         5  ...                64             0.09131
16              0.11         5  ...                96             0.09313
17              0.11         5  ...               128             0.09519
18              0.11         5  ...               160             0.09777
19              0.11         5  ...               192             0.09739
20              0.11         7  ...                64             0.00045
21              0.11         7  ...                96             0.00070
22              0.11         7  ...               128             0.00113
23              0.11         7  ...               160             0.00146
24              0.11         7  ...               192             0.00161
25              0.11         7  ...                64             0.08114
26              0.11         7  ...                96             0.08117
27              0.11         7  ...               128             0.08162
28              0.11         7  ...               160             0.08097
29              0.11         7  ...               192             0.08095

[30 rows x 5 columns]
Completed: 1/30
Completed: 2/30
Completed: 3/30
Completed: 4/30
Completed: 5/30
Completed: 6/30
Completed: 7/30
Completed: 8/30
Completed: 9/30
Completed: 10/30
Completed: 11/30
Completed: 12/30
Completed: 13/30
Completed: 14/30
Completed: 15/30
Completed: 16/30
Completed: 17/30
Completed: 18/30
Completed: 19/30
Completed: 20/30
Completed: 21/30
Completed: 22/30
Completed: 23/30
Completed: 24/30
Completed: 25/30
Completed: 26/30
Completed: 27/30
Completed: 28/30
Completed: 29/30
Completed: 30/30
Time taken
936.4018669128418
Burst Error Rate
0.11333333333333334
    Burst_Error_Rate  Distance  ...  Number_of_Rounds  Logical_Error_Rate
0           0.113333         3  ...                64             0.04782
1           0.113333         3  ...                96             0.07051
2           0.113333         3  ...               128             0.09079
3           0.113333         3  ...               160             0.10951
4           0.113333         3  ...               192             0.12776
5           0.113333         3  ...                64             0.13307
6           0.113333         3  ...                96             0.15010
7           0.113333         3  ...               128             0.16747
8           0.113333         3  ...               160             0.18471
9           0.113333         3  ...               192             0.20148
10          0.113333         5  ...                64             0.00539
11          0.113333         5  ...                96             0.00738
12          0.113333         5  ...               128             0.01060
13          0.113333         5  ...               160             0.01323
14          0.113333         5  ...               192             0.01532
15          0.113333         5  ...                64             0.09501
16          0.113333         5  ...                96             0.09888
17          0.113333         5  ...               128             0.09967
18          0.113333         5  ...               160             0.10178
19          0.113333         5  ...               192             0.10506
20          0.113333         7  ...                64             0.00047
21          0.113333         7  ...                96             0.00086
22          0.113333         7  ...               128             0.00109
23          0.113333         7  ...               160             0.00136
24          0.113333         7  ...               192             0.00159
25          0.113333         7  ...                64             0.08497
26          0.113333         7  ...                96             0.08740
27          0.113333         7  ...               128             0.08616
28          0.113333         7  ...               160             0.08673
29          0.113333         7  ...               192             0.08564

[30 rows x 5 columns]
Completed: 1/30
Completed: 2/30
Completed: 3/30
Completed: 4/30
Completed: 5/30
Completed: 6/30
Completed: 7/30
Completed: 8/30
Completed: 9/30
Completed: 10/30
Completed: 11/30
Completed: 12/30
Completed: 13/30
Completed: 14/30
Completed: 15/30
Completed: 16/30
Completed: 17/30
Completed: 18/30
Completed: 19/30
Completed: 20/30
Completed: 21/30
Completed: 22/30
Completed: 23/30
Completed: 24/30
Completed: 25/30
Completed: 26/30
Completed: 27/30
Completed: 28/30
Completed: 29/30
Completed: 30/30
Time taken
938.1469790935516
Burst Error Rate
0.11666666666666667
    Burst_Error_Rate  Distance  ...  Number_of_Rounds  Logical_Error_Rate
0           0.116667         3  ...                64             0.04862
1           0.116667         3  ...                96             0.06977
2           0.116667         3  ...               128             0.08948
3           0.116667         3  ...               160             0.11178
4           0.116667         3  ...               192             0.12874
5           0.116667         3  ...                64             0.13687
6           0.116667         3  ...                96             0.15407
7           0.116667         3  ...               128             0.16967
8           0.116667         3  ...               160             0.18849
9           0.116667         3  ...               192             0.20033
10          0.116667         5  ...                64             0.00523
11          0.116667         5  ...                96             0.00788
12          0.116667         5  ...               128             0.01042
13          0.116667         5  ...               160             0.01278
14          0.116667         5  ...               192             0.01533
15          0.116667         5  ...                64             0.09955
16          0.116667         5  ...                96             0.10258
17          0.116667         5  ...               128             0.10438
18          0.116667         5  ...               160             0.10698
19          0.116667         5  ...               192             0.10899
20          0.116667         7  ...                64             0.00047
21          0.116667         7  ...                96             0.00076
22          0.116667         7  ...               128             0.00107
23          0.116667         7  ...               160             0.00148
24          0.116667         7  ...               192             0.00158
25          0.116667         7  ...                64             0.09307
26          0.116667         7  ...                96             0.09218
27          0.116667         7  ...               128             0.09179
28          0.116667         7  ...               160             0.09211
29          0.116667         7  ...               192             0.09273

[30 rows x 5 columns]
Completed: 1/30
Completed: 2/30
Completed: 3/30
Completed: 4/30
Completed: 5/30
Completed: 6/30
Completed: 7/30
Completed: 8/30
Completed: 9/30
Completed: 10/30
Completed: 11/30
Completed: 12/30
Completed: 13/30
Completed: 14/30
Completed: 15/30
Completed: 16/30
Completed: 17/30
Completed: 18/30
Completed: 19/30
Completed: 20/30
Completed: 21/30
Completed: 22/30
Completed: 23/30
Completed: 24/30
Completed: 25/30
Completed: 26/30
Completed: 27/30
Completed: 28/30
Completed: 29/30
Completed: 30/30
Time taken
935.9010343551636
Burst Error Rate
0.12000000000000001
    Burst_Error_Rate  Distance  ...  Number_of_Rounds  Logical_Error_Rate
0               0.12         3  ...                64             0.04819
1               0.12         3  ...                96             0.06955
2               0.12         3  ...               128             0.09059
3               0.12         3  ...               160             0.10995
4               0.12         3  ...               192             0.13109
5               0.12         3  ...                64             0.13942
6               0.12         3  ...                96             0.15675
7               0.12         3  ...               128             0.17403
8               0.12         3  ...               160             0.18948
9               0.12         3  ...               192             0.20576
10              0.12         5  ...                64             0.00487
11              0.12         5  ...                96             0.00785
12              0.12         5  ...               128             0.01024
13              0.12         5  ...               160             0.01330
14              0.12         5  ...               192             0.01581
15              0.12         5  ...                64             0.10576
16              0.12         5  ...                96             0.10730
17              0.12         5  ...               128             0.10921
18              0.12         5  ...               160             0.11204
19              0.12         5  ...               192             0.11428
20              0.12         7  ...                64             0.00052
21              0.12         7  ...                96             0.00071
22              0.12         7  ...               128             0.00130
23              0.12         7  ...               160             0.00133
24              0.12         7  ...               192             0.00163
25              0.12         7  ...                64             0.09687
26              0.12         7  ...                96             0.10021
27              0.12         7  ...               128             0.09813
28              0.12         7  ...               160             0.09736
29              0.12         7  ...               192             0.09795

[30 rows x 5 columns]
Completed: 1/30
Completed: 2/30
Completed: 3/30
Completed: 4/30
Completed: 5/30
Completed: 6/30
Completed: 7/30
Completed: 8/30
Completed: 9/30
Completed: 10/30
Completed: 11/30
Completed: 12/30
Completed: 13/30
Completed: 14/30
Completed: 15/30
Completed: 16/30
Completed: 17/30
Completed: 18/30
Completed: 19/30
Completed: 20/30
Completed: 21/30
Completed: 22/30
Completed: 23/30
Completed: 24/30
Completed: 25/30
Completed: 26/30
Completed: 27/30
Completed: 28/30
Completed: 29/30
Completed: 30/30
Time taken
934.4664778709412
Burst Error Rate
0.12333333333333334
    Burst_Error_Rate  Distance  ...  Number_of_Rounds  Logical_Error_Rate
0           0.123333         3  ...                64             0.04821
1           0.123333         3  ...                96             0.06901
2           0.123333         3  ...               128             0.08923
3           0.123333         3  ...               160             0.10989
4           0.123333         3  ...               192             0.13068
5           0.123333         3  ...                64             0.14266
6           0.123333         3  ...                96             0.16052
7           0.123333         3  ...               128             0.17772
8           0.123333         3  ...               160             0.19332
9           0.123333         3  ...               192             0.20830
10          0.123333         5  ...                64             0.00529
11          0.123333         5  ...                96             0.00778
12          0.123333         5  ...               128             0.01094
13          0.123333         5  ...               160             0.01248
14          0.123333         5  ...               192             0.01506
15          0.123333         5  ...                64             0.11067
16          0.123333         5  ...                96             0.11073
17          0.123333         5  ...               128             0.11495
18          0.123333         5  ...               160             0.11785
19          0.123333         5  ...               192             0.11935
20          0.123333         7  ...                64             0.00049
21          0.123333         7  ...                96             0.00082
22          0.123333         7  ...               128             0.00123
23          0.123333         7  ...               160             0.00129
24          0.123333         7  ...               192             0.00182
25          0.123333         7  ...                64             0.10432
26          0.123333         7  ...                96             0.10507
27          0.123333         7  ...               128             0.10509
28          0.123333         7  ...               160             0.10695
29          0.123333         7  ...               192             0.10514

[30 rows x 5 columns]
Completed: 1/30
Completed: 2/30
Completed: 3/30
Completed: 4/30
Completed: 5/30
Completed: 6/30
Completed: 7/30
Completed: 8/30
Completed: 9/30
Completed: 10/30
Completed: 11/30
Completed: 12/30
Completed: 13/30
Completed: 14/30
Completed: 15/30
Completed: 16/30
Completed: 17/30
Completed: 18/30
Completed: 19/30
Completed: 20/30
Completed: 21/30
Completed: 22/30
Completed: 23/30
Completed: 24/30
Completed: 25/30
Completed: 26/30
Completed: 27/30
Completed: 28/30
Completed: 29/30
Completed: 30/30
Time taken
962.7657246589661
Burst Error Rate
0.12666666666666668
    Burst_Error_Rate  Distance  ...  Number_of_Rounds  Logical_Error_Rate
0           0.126667         3  ...                64             0.04729
1           0.126667         3  ...                96             0.06886
2           0.126667         3  ...               128             0.09003
3           0.126667         3  ...               160             0.10993
4           0.126667         3  ...               192             0.13062
5           0.126667         3  ...                64             0.14685
6           0.126667         3  ...                96             0.16370
7           0.126667         3  ...               128             0.17967
8           0.126667         3  ...               160             0.19514
9           0.126667         3  ...               192             0.21078
10          0.126667         5  ...                64             0.00537
11          0.126667         5  ...                96             0.00760
12          0.126667         5  ...               128             0.01013
13          0.126667         5  ...               160             0.01246
14          0.126667         5  ...               192             0.01549
15          0.126667         5  ...                64             0.11475
16          0.126667         5  ...                96             0.11530
17          0.126667         5  ...               128             0.12260
18          0.126667         5  ...               160             0.12251
19          0.126667         5  ...               192             0.12298
20          0.126667         7  ...                64             0.00057
21          0.126667         7  ...                96             0.00076
22          0.126667         7  ...               128             0.00113
23          0.126667         7  ...               160             0.00144
24          0.126667         7  ...               192             0.00173
25          0.126667         7  ...                64             0.11067
26          0.126667         7  ...                96             0.11159
27          0.126667         7  ...               128             0.11105
28          0.126667         7  ...               160             0.11064
29          0.126667         7  ...               192             0.10984

[30 rows x 5 columns]
Completed: 1/30
Completed: 2/30
Completed: 3/30
Completed: 4/30
Completed: 5/30
Completed: 6/30
Completed: 7/30
Completed: 8/30
Completed: 9/30
Completed: 10/30
Completed: 11/30
Completed: 12/30
Completed: 13/30
Completed: 14/30
Completed: 15/30
Completed: 16/30
Completed: 17/30
Completed: 18/30
Completed: 19/30
Completed: 20/30
Completed: 21/30
Completed: 22/30
Completed: 23/30
Completed: 24/30
Completed: 25/30
Completed: 26/30
Completed: 27/30
Completed: 28/30
Completed: 29/30
Completed: 30/30
Time taken
945.1969292163849
Burst Error Rate
0.13
    Burst_Error_Rate  Distance  ...  Number_of_Rounds  Logical_Error_Rate
0               0.13         3  ...                64             0.04799
1               0.13         3  ...                96             0.06926
2               0.13         3  ...               128             0.08931
3               0.13         3  ...               160             0.11114
4               0.13         3  ...               192             0.12878
5               0.13         3  ...                64             0.15105
6               0.13         3  ...                96             0.16592
7               0.13         3  ...               128             0.18222
8               0.13         3  ...               160             0.20006
9               0.13         3  ...               192             0.21428
10              0.13         5  ...                64             0.00513
11              0.13         5  ...                96             0.00782
12              0.13         5  ...               128             0.01025
13              0.13         5  ...               160             0.01305
14              0.13         5  ...               192             0.01556
15              0.13         5  ...                64             0.12054
16              0.13         5  ...                96             0.12210
17              0.13         5  ...               128             0.12587
18              0.13         5  ...               160             0.12695
19              0.13         5  ...               192             0.12875
20              0.13         7  ...                64             0.00056
21              0.13         7  ...                96             0.00075
22              0.13         7  ...               128             0.00104
23              0.13         7  ...               160             0.00128
24              0.13         7  ...               192             0.00163
25              0.13         7  ...                64             0.11857
26              0.13         7  ...                96             0.11523
27              0.13         7  ...               128             0.11704
28              0.13         7  ...               160             0.11831
29              0.13         7  ...               192             0.11897

[30 rows x 5 columns]
Completed: 1/30
Completed: 2/30
Completed: 3/30
Completed: 4/30
Completed: 5/30
Completed: 6/30
Completed: 7/30
Completed: 8/30
Completed: 9/30
Completed: 10/30
Completed: 11/30
Completed: 12/30
Completed: 13/30
Completed: 14/30
Completed: 15/30
Completed: 16/30
Completed: 17/30
Completed: 18/30
Completed: 19/30
Completed: 20/30
Completed: 21/30
Completed: 22/30
Completed: 23/30
Completed: 24/30
Completed: 25/30
Completed: 26/30
Completed: 27/30
Completed: 28/30
Completed: 29/30
Completed: 30/30
Time taken
948.2025227546692
Burst Error Rate
0.13333333333333336
    Burst_Error_Rate  Distance  ...  Number_of_Rounds  Logical_Error_Rate
0           0.133333         3  ...                64             0.04585
1           0.133333         3  ...                96             0.07066
2           0.133333         3  ...               128             0.09082
3           0.133333         3  ...               160             0.10962
4           0.133333         3  ...               192             0.12912
5           0.133333         3  ...                64             0.15563
6           0.133333         3  ...                96             0.17062
7           0.133333         3  ...               128             0.18670
8           0.133333         3  ...               160             0.20130
9           0.133333         3  ...               192             0.21682
10          0.133333         5  ...                64             0.00534
11          0.133333         5  ...                96             0.00791
12          0.133333         5  ...               128             0.00964
13          0.133333         5  ...               160             0.01275
14          0.133333         5  ...               192             0.01593
15          0.133333         5  ...                64             0.12604
16          0.133333         5  ...                96             0.12869
17          0.133333         5  ...               128             0.12958
18          0.133333         5  ...               160             0.13159
19          0.133333         5  ...               192             0.13275
20          0.133333         7  ...                64             0.00052
21          0.133333         7  ...                96             0.00100
22          0.133333         7  ...               128             0.00116
23          0.133333         7  ...               160             0.00132
24          0.133333         7  ...               192             0.00134
25          0.133333         7  ...                64             0.12436
26          0.133333         7  ...                96             0.12486
27          0.133333         7  ...               128             0.12288
28          0.133333         7  ...               160             0.12506
29          0.133333         7  ...               192             0.12510

[30 rows x 5 columns]
Completed: 1/30
Completed: 2/30
Completed: 3/30
Completed: 4/30
Completed: 5/30
Completed: 6/30
Completed: 7/30
Completed: 8/30
Completed: 9/30
Completed: 10/30
Completed: 11/30
Completed: 12/30
Completed: 13/30
Completed: 14/30
Completed: 15/30
Completed: 16/30
Completed: 17/30
Completed: 18/30
Completed: 19/30
Completed: 20/30
Completed: 21/30
Completed: 22/30
Completed: 23/30
Completed: 24/30
Completed: 25/30
Completed: 26/30
Completed: 27/30
Completed: 28/30
Completed: 29/30
Completed: 30/30
Time taken
945.334792137146
Burst Error Rate
0.1366666666666667
    Burst_Error_Rate  Distance  ...  Number_of_Rounds  Logical_Error_Rate
0           0.136667         3  ...                64             0.04713
1           0.136667         3  ...                96             0.07001
2           0.136667         3  ...               128             0.08993
3           0.136667         3  ...               160             0.10922
4           0.136667         3  ...               192             0.12997
5           0.136667         3  ...                64             0.15938
6           0.136667         3  ...                96             0.17403
7           0.136667         3  ...               128             0.19037
8           0.136667         3  ...               160             0.20639
9           0.136667         3  ...               192             0.21771
10          0.136667         5  ...                64             0.00534
11          0.136667         5  ...                96             0.00783
12          0.136667         5  ...               128             0.01063
13          0.136667         5  ...               160             0.01349
14          0.136667         5  ...               192             0.01624
15          0.136667         5  ...                64             0.13411
16          0.136667         5  ...                96             0.13248
17          0.136667         5  ...               128             0.13588
18          0.136667         5  ...               160             0.13775
19          0.136667         5  ...               192             0.13850
20          0.136667         7  ...                64             0.00054
21          0.136667         7  ...                96             0.00086
22          0.136667         7  ...               128             0.00100
23          0.136667         7  ...               160             0.00127
24          0.136667         7  ...               192             0.00167
25          0.136667         7  ...                64             0.13155
26          0.136667         7  ...                96             0.13315
27          0.136667         7  ...               128             0.12977
28          0.136667         7  ...               160             0.13267
29          0.136667         7  ...               192             0.13268

[30 rows x 5 columns]
Completed: 1/30
Completed: 2/30
Completed: 3/30
Completed: 4/30
Completed: 5/30
Completed: 6/30
Completed: 7/30
Completed: 8/30
Completed: 9/30
Completed: 10/30
Completed: 11/30
Completed: 12/30
Completed: 13/30
Completed: 14/30
Completed: 15/30
Completed: 16/30
Completed: 17/30
Completed: 18/30
Completed: 19/30
Completed: 20/30
Completed: 21/30
Completed: 22/30
Completed: 23/30
Completed: 24/30
Completed: 25/30
Completed: 26/30
Completed: 27/30
Completed: 28/30
Completed: 29/30
Completed: 30/30
Time taken
973.5048425197601
Burst Error Rate
0.14
    Burst_Error_Rate  Distance  ...  Number_of_Rounds  Logical_Error_Rate
0               0.14         3  ...                64             0.04806
1               0.14         3  ...                96             0.07006
2               0.14         3  ...               128             0.09086
3               0.14         3  ...               160             0.11118
4               0.14         3  ...               192             0.12998
5               0.14         3  ...                64             0.16221
6               0.14         3  ...                96             0.17690
7               0.14         3  ...               128             0.19174
8               0.14         3  ...               160             0.20744
9               0.14         3  ...               192             0.22557
10              0.14         5  ...                64             0.00566
11              0.14         5  ...                96             0.00832
12              0.14         5  ...               128             0.01007
13              0.14         5  ...               160             0.01355
14              0.14         5  ...               192             0.01564
15              0.14         5  ...                64             0.13731
16              0.14         5  ...                96             0.14014
17              0.14         5  ...               128             0.14194
18              0.14         5  ...               160             0.14333
19              0.14         5  ...               192             0.14720
20              0.14         7  ...                64             0.00052
21              0.14         7  ...                96             0.00074
22              0.14         7  ...               128             0.00084
23              0.14         7  ...               160             0.00134
24              0.14         7  ...               192             0.00155
25              0.14         7  ...                64             0.13671
26              0.14         7  ...                96             0.13891
27              0.14         7  ...               128             0.13658
28              0.14         7  ...               160             0.13662
29              0.14         7  ...               192             0.13875

[30 rows x 5 columns]
