Completed: 1/30
Completed: 2/30
Completed: 3/30
Completed: 4/30
Completed: 5/30
Completed: 6/30
Completed: 7/30
Completed: 8/30
Completed: 9/30
Completed: 10/30
Completed: 11/30
Completed: 12/30
Completed: 13/30
Completed: 14/30
Completed: 15/30
Completed: 16/30
Completed: 17/30
Completed: 18/30
Completed: 19/30
Completed: 20/30
Completed: 21/30
Completed: 22/30
Completed: 23/30
Completed: 24/30
Completed: 25/30
Completed: 26/30
Completed: 27/30
Completed: 28/30
Completed: 29/30
Completed: 30/30
Time taken
3313.4189081192017
Burst Error Rate
0.1
    Burst_Error_Rate  Distance  ...  Number_of_Rounds  Logical_Error_Rate
0                0.1         3  ...                64             0.16154
1                0.1         3  ...                96             0.22025
2                0.1         3  ...               128             0.27107
3                0.1         3  ...               160             0.31014
4                0.1         3  ...               192             0.34366
5                0.1         3  ...                64             0.22761
6                0.1         3  ...                96             0.27526
7                0.1         3  ...               128             0.31204
8                0.1         3  ...               160             0.34881
9                0.1         3  ...               192             0.37678
10               0.1         5  ...                64             0.03984
11               0.1         5  ...                96             0.05682
12               0.1         5  ...               128             0.07486
13               0.1         5  ...               160             0.09200
14               0.1         5  ...               192             0.10804
15               0.1         5  ...                64             0.12321
16               0.1         5  ...                96             0.13965
17               0.1         5  ...               128             0.15130
18               0.1         5  ...               160             0.16587
19               0.1         5  ...               192             0.17923
20               0.1         7  ...                64             0.00863
21               0.1         7  ...                96             0.01189
22               0.1         7  ...               128             0.01667
23               0.1         7  ...               160             0.01958
24               0.1         7  ...               192             0.02332
25               0.1         7  ...                64             0.09279
26               0.1         7  ...                96             0.09579
27               0.1         7  ...               128             0.09941
28               0.1         7  ...               160             0.10260
29               0.1         7  ...               192             0.10602

[30 rows x 5 columns]
Completed: 1/30
Completed: 2/30
Completed: 3/30
Completed: 4/30
Completed: 5/30
Completed: 6/30
Completed: 7/30
Completed: 8/30
Completed: 9/30
Completed: 10/30
Completed: 11/30
Completed: 12/30
Completed: 13/30
Completed: 14/30
Completed: 15/30
Completed: 16/30
Completed: 17/30
Completed: 18/30
Completed: 19/30
Completed: 20/30
Completed: 21/30
Completed: 22/30
Completed: 23/30
Completed: 24/30
Completed: 25/30
Completed: 26/30
Completed: 27/30
Completed: 28/30
Completed: 29/30
Completed: 30/30
Time taken
3511.680687904358
Burst Error Rate
0.10333333333333333
    Burst_Error_Rate  Distance  ...  Number_of_Rounds  Logical_Error_Rate
0           0.103333         3  ...                64             0.16192
1           0.103333         3  ...                96             0.21997
2           0.103333         3  ...               128             0.26866
3           0.103333         3  ...               160             0.30974
4           0.103333         3  ...               192             0.34576
5           0.103333         3  ...                64             0.22976
6           0.103333         3  ...                96             0.27711
7           0.103333         3  ...               128             0.31624
8           0.103333         3  ...               160             0.34686
9           0.103333         3  ...               192             0.37559
10          0.103333         5  ...                64             0.03918
11          0.103333         5  ...                96             0.05667
12          0.103333         5  ...               128             0.07473
13          0.103333         5  ...               160             0.09032
14          0.103333         5  ...               192             0.10762
15          0.103333         5  ...                64             0.12985
16          0.103333         5  ...                96             0.14244
17          0.103333         5  ...               128             0.15728
18          0.103333         5  ...               160             0.17271
19          0.103333         5  ...               192             0.18396
20          0.103333         7  ...                64             0.00791
21          0.103333         7  ...                96             0.01196
22          0.103333         7  ...               128             0.01603
23          0.103333         7  ...               160             0.02000
24          0.103333         7  ...               192             0.02355
25          0.103333         7  ...                64             0.09757
26          0.103333         7  ...                96             0.10217
27          0.103333         7  ...               128             0.10681
28          0.103333         7  ...               160             0.10800
29          0.103333         7  ...               192             0.11239

[30 rows x 5 columns]
Completed: 1/30
Completed: 2/30
Completed: 3/30
Completed: 4/30
Completed: 5/30
Completed: 6/30
Completed: 7/30
Completed: 8/30
Completed: 9/30
Completed: 10/30
Completed: 11/30
Completed: 12/30
Completed: 13/30
Completed: 14/30
Completed: 15/30
Completed: 16/30
Completed: 17/30
Completed: 18/30
Completed: 19/30
Completed: 20/30
Completed: 21/30
Completed: 22/30
Completed: 23/30
Completed: 24/30
Completed: 25/30
Completed: 26/30
Completed: 27/30
Completed: 28/30
Completed: 29/30
Completed: 30/30
Time taken
3754.1412677764893
Burst Error Rate
0.10666666666666667
    Burst_Error_Rate  Distance  ...  Number_of_Rounds  Logical_Error_Rate
0           0.106667         3  ...                64             0.16127
1           0.106667         3  ...                96             0.22031
2           0.106667         3  ...               128             0.26974
3           0.106667         3  ...               160             0.31033
4           0.106667         3  ...               192             0.34497
5           0.106667         3  ...                64             0.23067
6           0.106667         3  ...                96             0.27875
7           0.106667         3  ...               128             0.31818
8           0.106667         3  ...               160             0.34962
9           0.106667         3  ...               192             0.37722
10          0.106667         5  ...                64             0.03752
11          0.106667         5  ...                96             0.05574
12          0.106667         5  ...               128             0.07406
13          0.106667         5  ...               160             0.08868
14          0.106667         5  ...               192             0.10748
15          0.106667         5  ...                64             0.13312
16          0.106667         5  ...                96             0.14693
17          0.106667         5  ...               128             0.16029
18          0.106667         5  ...               160             0.17798
19          0.106667         5  ...               192             0.18583
20          0.106667         7  ...                64             0.00813
21          0.106667         7  ...                96             0.01220
22          0.106667         7  ...               128             0.01582
23          0.106667         7  ...               160             0.02036
24          0.106667         7  ...               192             0.02434
25          0.106667         7  ...                64             0.10483
26          0.106667         7  ...                96             0.10683
27          0.106667         7  ...               128             0.11185
28          0.106667         7  ...               160             0.11279
29          0.106667         7  ...               192             0.11781

[30 rows x 5 columns]
Completed: 1/30
Completed: 2/30
Completed: 3/30
Completed: 4/30
Completed: 5/30
Completed: 6/30
Completed: 7/30
Completed: 8/30
Completed: 9/30
Completed: 10/30
Completed: 11/30
Completed: 12/30
Completed: 13/30
Completed: 14/30
Completed: 15/30
Completed: 16/30
Completed: 17/30
Completed: 18/30
Completed: 19/30
Completed: 20/30
Completed: 21/30
Completed: 22/30
Completed: 23/30
Completed: 24/30
Completed: 1/30
Completed: 2/30
Completed: 3/30
Completed: 4/30
Completed: 5/30
Completed: 6/30
Completed: 7/30
Completed: 8/30
Completed: 9/30
Completed: 10/30
Completed: 11/30
Completed: 12/30
Completed: 13/30
Completed: 14/30
Completed: 15/30
Completed: 16/30
Completed: 17/30
Completed: 18/30
Completed: 19/30
Completed: 20/30
Completed: 21/30
Completed: 22/30
Completed: 23/30
Completed: 24/30
Completed: 25/30
Completed: 26/30
Completed: 27/30
Completed: 28/30
Completed: 29/30
Completed: 30/30
Time taken
3528.116478204727
Burst Error Rate
0.11
    Burst_Error_Rate  Distance  ...  Number_of_Rounds  Logical_Error_Rate
0               0.11         3  ...                64             0.16194
1               0.11         3  ...                96             0.22091
2               0.11         3  ...               128             0.27113
3               0.11         3  ...               160             0.31162
4               0.11         3  ...               192             0.34378
5               0.11         3  ...                64             0.23277
6               0.11         3  ...                96             0.28236
7               0.11         3  ...               128             0.32010
8               0.11         3  ...               160             0.35254
9               0.11         3  ...               192             0.37892
10              0.11         5  ...                64             0.03859
11              0.11         5  ...                96             0.05672
12              0.11         5  ...               128             0.07462
13              0.11         5  ...               160             0.09098
14              0.11         5  ...               192             0.10760
15              0.11         5  ...                64             0.13945
16              0.11         5  ...                96             0.15297
17              0.11         5  ...               128             0.16736
18              0.11         5  ...               160             0.17946
19              0.11         5  ...               192             0.19244
20              0.11         7  ...                64             0.00820
21              0.11         7  ...                96             0.01240
22              0.11         7  ...               128             0.01645
23              0.11         7  ...               160             0.02006
24              0.11         7  ...               192             0.02323
25              0.11         7  ...                64             0.11244
26              0.11         7  ...                96             0.11423
27              0.11         7  ...               128             0.11963
28              0.11         7  ...               160             0.12079
29              0.11         7  ...               192             0.12425

[30 rows x 5 columns]
Completed: 1/30
Completed: 2/30
Completed: 3/30
Completed: 4/30
Completed: 5/30
Completed: 6/30
Completed: 7/30
Completed: 8/30
Completed: 9/30
Completed: 10/30
Completed: 11/30
Completed: 12/30
Completed: 13/30
Completed: 14/30
Completed: 15/30
Completed: 16/30
Completed: 17/30
Completed: 18/30
Completed: 19/30
Completed: 20/30
Completed: 21/30
Completed: 22/30
Completed: 23/30
Completed: 24/30
Completed: 25/30
Completed: 26/30
Completed: 27/30
Completed: 28/30
Completed: 29/30
Completed: 30/30
Time taken
3499.0292208194733
Burst Error Rate
0.11333333333333334
    Burst_Error_Rate  Distance  ...  Number_of_Rounds  Logical_Error_Rate
0           0.113333         3  ...                64             0.16147
1           0.113333         3  ...                96             0.22020
2           0.113333         3  ...               128             0.27195
3           0.113333         3  ...               160             0.31076
4           0.113333         3  ...               192             0.34437
5           0.113333         3  ...                64             0.23715
6           0.113333         3  ...                96             0.28353
7           0.113333         3  ...               128             0.32128
8           0.113333         3  ...               160             0.35396
9           0.113333         3  ...               192             0.37856
10          0.113333         5  ...                64             0.03875
11          0.113333         5  ...                96             0.05778
12          0.113333         5  ...               128             0.07336
13          0.113333         5  ...               160             0.09151
14          0.113333         5  ...               192             0.10713
15          0.113333         5  ...                64             0.14554
16          0.113333         5  ...                96             0.15654
17          0.113333         5  ...               128             0.17091
18          0.113333         5  ...               160             0.18524
19          0.113333         5  ...               192             0.19658
20          0.113333         7  ...                64             0.00757
21          0.113333         7  ...                96             0.01226
22          0.113333         7  ...               128             0.01665
23          0.113333         7  ...               160             0.01973
24          0.113333         7  ...               192             0.02349
25          0.113333         7  ...                64             0.11723
26          0.113333         7  ...                96             0.12164
27          0.113333         7  ...               128             0.12501
28          0.113333         7  ...               160             0.12785
29          0.113333         7  ...               192             0.13225

[30 rows x 5 columns]
Completed: 1/30
Completed: 2/30
Completed: 3/30
Completed: 4/30
Completed: 5/30
Completed: 6/30
Completed: 7/30
Completed: 8/30
Completed: 9/30
Completed: 10/30
Completed: 11/30
Completed: 12/30
Completed: 13/30
Completed: 14/30
Completed: 15/30
Completed: 16/30
Completed: 17/30
Completed: 18/30
Completed: 19/30
Completed: 20/30
Completed: 21/30
Completed: 22/30
Completed: 23/30
Completed: 24/30
Completed: 25/30
Completed: 26/30
Completed: 27/30
Completed: 28/30
Completed: 29/30
Completed: 30/30
Time taken
3359.042554616928
Burst Error Rate
0.11666666666666667
    Burst_Error_Rate  Distance  ...  Number_of_Rounds  Logical_Error_Rate
0           0.116667         3  ...                64             0.16204
1           0.116667         3  ...                96             0.22007
2           0.116667         3  ...               128             0.27071
3           0.116667         3  ...               160             0.31002
4           0.116667         3  ...               192             0.34491
5           0.116667         3  ...                64             0.23820
6           0.116667         3  ...                96             0.28437
7           0.116667         3  ...               128             0.32502
8           0.116667         3  ...               160             0.35416
9           0.116667         3  ...               192             0.38097
10          0.116667         5  ...                64             0.03833
11          0.116667         5  ...                96             0.05520
12          0.116667         5  ...               128             0.07488
13          0.116667         5  ...               160             0.09048
14          0.116667         5  ...               192             0.10585
15          0.116667         5  ...                64             0.14856
16          0.116667         5  ...                96             0.15918
17          0.116667         5  ...               128             0.17514
18          0.116667         5  ...               160             0.18968
19          0.116667         5  ...               192             0.20063
20          0.116667         7  ...                64             0.00800
21          0.116667         7  ...                96             0.01212
22          0.116667         7  ...               128             0.01563
23          0.116667         7  ...               160             0.02030
24          0.116667         7  ...               192             0.02367
25          0.116667         7  ...                64             0.12302
26          0.116667         7  ...                96             0.12762
27          0.116667         7  ...               128             0.12919
28          0.116667         7  ...               160             0.13242
29          0.116667         7  ...               192             0.13661

[30 rows x 5 columns]
Completed: 1/30
Completed: 2/30
Completed: 3/30
Completed: 4/30
Completed: 5/30
Completed: 6/30
Completed: 7/30
Completed: 8/30
Completed: 9/30
Completed: 10/30
Completed: 11/30
Completed: 12/30
Completed: 13/30
Completed: 14/30
Completed: 15/30
Completed: 16/30
Completed: 17/30
Completed: 18/30
Completed: 19/30
Completed: 20/30
Completed: 21/30
Completed: 22/30
Completed: 23/30
Completed: 24/30
Completed: 25/30
Completed: 26/30
Completed: 27/30
Completed: 28/30
Completed: 29/30
Completed: 30/30
Time taken
3564.9771490097046
Burst Error Rate
0.12
    Burst_Error_Rate  Distance  ...  Number_of_Rounds  Logical_Error_Rate
0               0.12         3  ...                64             0.16062
1               0.12         3  ...                96             0.22105
2               0.12         3  ...               128             0.26963
3               0.12         3  ...               160             0.30977
4               0.12         3  ...               192             0.34507
5               0.12         3  ...                64             0.24097
6               0.12         3  ...                96             0.29029
7               0.12         3  ...               128             0.32588
8               0.12         3  ...               160             0.35457
9               0.12         3  ...               192             0.37941
10              0.12         5  ...                64             0.03815
11              0.12         5  ...                96             0.05653
12              0.12         5  ...               128             0.07530
13              0.12         5  ...               160             0.09068
14              0.12         5  ...               192             0.10724
15              0.12         5  ...                64             0.15227
16              0.12         5  ...                96             0.16756
17              0.12         5  ...               128             0.18105
18              0.12         5  ...               160             0.19347
19              0.12         5  ...               192             0.20624
20              0.12         7  ...                64             0.00844
21              0.12         7  ...                96             0.01182
22              0.12         7  ...               128             0.01620
23              0.12         7  ...               160             0.01969
24              0.12         7  ...               192             0.02410
25              0.12         7  ...                64             0.13205
26              0.12         7  ...                96             0.13532
27              0.12         7  ...               128             0.13755
28              0.12         7  ...               160             0.13934
29              0.12         7  ...               192             0.14476

[30 rows x 5 columns]
Completed: 1/30
Completed: 2/30
Completed: 3/30
Completed: 4/30
Completed: 5/30
Completed: 6/30
Completed: 7/30
Completed: 8/30
Completed: 9/30
Completed: 10/30
Completed: 11/30
Completed: 12/30
Completed: 13/30
Completed: 14/30
Completed: 15/30
Completed: 16/30
Completed: 17/30
Completed: 18/30
Completed: 19/30
Completed: 20/30
Completed: 21/30
Completed: 22/30
Completed: 23/30
Completed: 24/30
Completed: 25/30
Completed: 26/30
Completed: 27/30
Completed: 28/30
Completed: 29/30
Completed: 30/30
Time taken
3388.846295595169
Burst Error Rate
0.12333333333333334
    Burst_Error_Rate  Distance  ...  Number_of_Rounds  Logical_Error_Rate
0           0.123333         3  ...                64             0.16077
1           0.123333         3  ...                96             0.22179
2           0.123333         3  ...               128             0.27209
3           0.123333         3  ...               160             0.31270
4           0.123333         3  ...               192             0.34346
5           0.123333         3  ...                64             0.24435
6           0.123333         3  ...                96             0.29085
7           0.123333         3  ...               128             0.32479
8           0.123333         3  ...               160             0.35869
9           0.123333         3  ...               192             0.38313
10          0.123333         5  ...                64             0.03793
11          0.123333         5  ...                96             0.05775
12          0.123333         5  ...               128             0.07583
13          0.123333         5  ...               160             0.09027
14          0.123333         5  ...               192             0.10649
15          0.123333         5  ...                64             0.15908
16          0.123333         5  ...                96             0.17212
17          0.123333         5  ...               128             0.18716
18          0.123333         5  ...               160             0.19723
19          0.123333         5  ...               192             0.20774
20          0.123333         7  ...                64             0.00837
21          0.123333         7  ...                96             0.01247
22          0.123333         7  ...               128             0.01632
23          0.123333         7  ...               160             0.01966
24          0.123333         7  ...               192             0.02443
25          0.123333         7  ...                64             0.14005
26          0.123333         7  ...                96             0.14206
27          0.123333         7  ...               128             0.14361
28          0.123333         7  ...               160             0.14706
29          0.123333         7  ...               192             0.14974

[30 rows x 5 columns]
Completed: 1/30
Completed: 2/30
Completed: 3/30
Completed: 4/30
Completed: 5/30
Completed: 6/30
Completed: 7/30
Completed: 8/30
Completed: 9/30
Completed: 10/30
Completed: 11/30
Completed: 12/30
Completed: 13/30
Completed: 14/30
Completed: 15/30
Completed: 16/30
Completed: 17/30
Completed: 18/30
Completed: 19/30
Completed: 20/30
Completed: 21/30
Completed: 22/30
Completed: 23/30
Completed: 24/30
Completed: 25/30
Completed: 26/30
Completed: 27/30
Completed: 28/30
Completed: 29/30
Completed: 30/30
Time taken
3530.7638487815857
Burst Error Rate
0.12666666666666668
    Burst_Error_Rate  Distance  ...  Number_of_Rounds  Logical_Error_Rate
0           0.126667         3  ...                64             0.16028
1           0.126667         3  ...                96             0.22030
2           0.126667         3  ...               128             0.26967
3           0.126667         3  ...               160             0.31241
4           0.126667         3  ...               192             0.34401
5           0.126667         3  ...                64             0.24821
6           0.126667         3  ...                96             0.28940
7           0.126667         3  ...               128             0.32974
8           0.126667         3  ...               160             0.35879
9           0.126667         3  ...               192             0.38507
10          0.126667         5  ...                64             0.03903
11          0.126667         5  ...                96             0.05612
12          0.126667         5  ...               128             0.07486
13          0.126667         5  ...               160             0.09116
14          0.126667         5  ...               192             0.10674
15          0.126667         5  ...                64             0.16512
16          0.126667         5  ...                96             0.17868
17          0.126667         5  ...               128             0.19098
18          0.126667         5  ...               160             0.20269
19          0.126667         5  ...               192             0.21350
20          0.126667         7  ...                64             0.00790
21          0.126667         7  ...                96             0.01205
22          0.126667         7  ...               128             0.01642
23          0.126667         7  ...               160             0.01958
24          0.126667         7  ...               192             0.02420
25          0.126667         7  ...                64             0.14542
26          0.126667         7  ...                96             0.14920
27          0.126667         7  ...               128             0.15133
28          0.126667         7  ...               160             0.15506
29          0.126667         7  ...               192             0.15783

[30 rows x 5 columns]
Completed: 1/30
Completed: 2/30
Completed: 3/30
Completed: 4/30
Completed: 5/30
Completed: 6/30
Completed: 7/30
Completed: 8/30
Completed: 9/30
Completed: 10/30
Completed: 11/30
Completed: 12/30
Completed: 13/30
Completed: 14/30
Completed: 15/30
Completed: 16/30
Completed: 17/30
Completed: 18/30
Completed: 19/30
Completed: 20/30
Completed: 21/30
Completed: 22/30
Completed: 23/30
Completed: 24/30
Completed: 25/30
Completed: 26/30
Completed: 27/30
Completed: 28/30
Completed: 29/30
Completed: 30/30
Time taken
3308.8898315429688
Burst Error Rate
0.13
    Burst_Error_Rate  Distance  ...  Number_of_Rounds  Logical_Error_Rate
0               0.13         3  ...                64             0.15939
1               0.13         3  ...                96             0.22130
2               0.13         3  ...               128             0.27050
3               0.13         3  ...               160             0.30851
4               0.13         3  ...               192             0.34601
5               0.13         3  ...                64             0.24811
6               0.13         3  ...                96             0.29187
7               0.13         3  ...               128             0.33035
8               0.13         3  ...               160             0.36069
9               0.13         3  ...               192             0.38380
10              0.13         5  ...                64             0.03927
11              0.13         5  ...                96             0.05664
12              0.13         5  ...               128             0.07392
13              0.13         5  ...               160             0.09086
14              0.13         5  ...               192             0.10810
15              0.13         5  ...                64             0.17034
16              0.13         5  ...                96             0.18295
17              0.13         5  ...               128             0.19305
18              0.13         5  ...               160             0.20347
19              0.13         5  ...               192             0.22076
20              0.13         7  ...                64             0.00805
21              0.13         7  ...                96             0.01198
22              0.13         7  ...               128             0.01554
23              0.13         7  ...               160             0.02064
24              0.13         7  ...               192             0.02419
25              0.13         7  ...                64             0.15292
26              0.13         7  ...                96             0.15458
27              0.13         7  ...               128             0.15743
28              0.13         7  ...               160             0.16104
29              0.13         7  ...               192             0.16343

[30 rows x 5 columns]
